This is XeTeX, Version 3.141592653-2.6-0.999996 (TeX Live 2024) (preloaded format=xelatex 2025.3.6)  26 MAY 2025 10:48
entering extended mode
 restricted \write18 enabled.
 %&-line parsing enabled.
**questions.tex
(./questions.tex
LaTeX2e <2024-11-01> patch level 2
L3 programming layer <2025-01-18>
(e:/4.LaTeX/texlive/2024/texmf-dist/tex/latex/ctex/ctexart.cls
(e:/4.LaTeX/texlive/2024/texmf-dist/tex/latex/ctex/config/ctexbackend.cfg
File: ctexbackend.cfg 2022/07/14 v2.5.10 Backend configuration file (CTEX)
)
(e:/4.LaTeX/texlive/2024/texmf-dist/tex/latex/l3kernel/expl3.sty
Package: expl3 2025-01-18 L3 programming layer (loader) 

(e:/4.LaTeX/texlive/2024/texmf-dist/tex/latex/l3backend/l3backend-xetex.def
File: l3backend-xetex.def 2024-05-08 L3 backend support: XeTeX
\g__graphics_track_int=\count192
\l__pdf_internal_box=\box52
\g__pdf_backend_annotation_int=\count193
\g__pdf_backend_link_int=\count194
))
Document Class: ctexart 2022/07/14 v2.5.10 Chinese adapter for class article (C
TEX)
(e:/4.LaTeX/texlive/2024/texmf-dist/tex/latex/ctex/ctexhook.sty
Package: ctexhook 2022/07/14 v2.5.10 Document and package hooks (CTEX)
)
(e:/4.LaTeX/texlive/2024/texmf-dist/tex/latex/ctex/ctexpatch.sty
Package: ctexpatch 2022/07/14 v2.5.10 Patching commands (CTEX)
)
(e:/4.LaTeX/texlive/2024/texmf-dist/tex/latex/base/fix-cm.sty
Package: fix-cm 2020/11/24 v1.1t fixes to LaTeX

(e:/4.LaTeX/texlive/2024/texmf-dist/tex/latex/base/ts1enc.def
File: ts1enc.def 2001/06/05 v3.0e (jk/car/fm) Standard LaTeX file
LaTeX Font Info:    Redeclaring font encoding TS1 on input line 47.
))
\l__ctex_tmp_int=\count195
\l__ctex_tmp_box=\box53
\l__ctex_tmp_dim=\dimen141
\g__ctex_section_depth_int=\count196
\g__ctex_font_size_int=\count197

(e:/4.LaTeX/texlive/2024/texmf-dist/tex/latex/ctex/config/ctexopts.cfg
File: ctexopts.cfg 2022/07/14 v2.5.10 Option configuration file (CTEX)
)
(e:/4.LaTeX/texlive/2024/texmf-dist/tex/latex/base/article.cls
Document Class: article 2024/06/29 v1.4n Standard LaTeX document class
(e:/4.LaTeX/texlive/2024/texmf-dist/tex/latex/base/size10.clo
File: size10.clo 2024/06/29 v1.4n Standard LaTeX file (size option)
)
\c@part=\count198
\c@section=\count199
\c@subsection=\count266
\c@subsubsection=\count267
\c@paragraph=\count268
\c@subparagraph=\count269
\c@figure=\count270
\c@table=\count271
\abovecaptionskip=\skip49
\belowcaptionskip=\skip50
\bibindent=\dimen142
)
(e:/4.LaTeX/texlive/2024/texmf-dist/tex/latex/ctex/engine/ctex-engine-xetex.def
File: ctex-engine-xetex.def 2022/07/14 v2.5.10 XeLaTeX adapter (CTEX)
(e:/4.LaTeX/texlive/2024/texmf-dist/tex/xelatex/xecjk/xeCJK.sty
Package: xeCJK 2022/08/05 v3.9.1 Typesetting CJK scripts with XeLaTeX

(e:/4.LaTeX/texlive/2024/texmf-dist/tex/latex/l3packages/xtemplate/xtemplate.st
y
Package: xtemplate 2024-08-16 L3 Experimental prototype document functions
)
\l__xeCJK_tmp_int=\count272
\l__xeCJK_tmp_box=\box54
\l__xeCJK_tmp_dim=\dimen143
\l__xeCJK_tmp_skip=\skip51
\g__xeCJK_space_factor_int=\count273
\l__xeCJK_begin_int=\count274
\l__xeCJK_end_int=\count275
\c__xeCJK_CJK_class_int=\XeTeXcharclass1
\c__xeCJK_FullLeft_class_int=\XeTeXcharclass2
\c__xeCJK_FullRight_class_int=\XeTeXcharclass3
\c__xeCJK_HalfLeft_class_int=\XeTeXcharclass4
\c__xeCJK_HalfRight_class_int=\XeTeXcharclass5
\c__xeCJK_NormalSpace_class_int=\XeTeXcharclass6
\c__xeCJK_CM_class_int=\XeTeXcharclass7
\c__xeCJK_HangulJamo_class_int=\XeTeXcharclass8
\l__xeCJK_last_skip=\skip52
\c__xeCJK_none_node=\count276
\g__xeCJK_node_int=\count277
\c__xeCJK_CJK_node_dim=\dimen144
\c__xeCJK_CJK-space_node_dim=\dimen145
\c__xeCJK_default_node_dim=\dimen146
\c__xeCJK_CJK-widow_node_dim=\dimen147
\c__xeCJK_normalspace_node_dim=\dimen148
\c__xeCJK_default-space_node_skip=\skip53
\l__xeCJK_ccglue_skip=\skip54
\l__xeCJK_ecglue_skip=\skip55
\l__xeCJK_punct_kern_skip=\skip56
\l__xeCJK_indent_box=\box55
\l__xeCJK_last_penalty_int=\count278
\l__xeCJK_last_bound_dim=\dimen149
\l__xeCJK_last_kern_dim=\dimen150
\l__xeCJK_widow_penalty_int=\count279

LaTeX template Info: Declaring template type 'xeCJK/punctuation' taking 0
(template)           argument(s) on line 2396.

\l__xeCJK_fixed_punct_width_dim=\dimen151
\l__xeCJK_mixed_punct_width_dim=\dimen152
\l__xeCJK_middle_punct_width_dim=\dimen153
\l__xeCJK_fixed_margin_width_dim=\dimen154
\l__xeCJK_mixed_margin_width_dim=\dimen155
\l__xeCJK_middle_margin_width_dim=\dimen156
\l__xeCJK_bound_punct_width_dim=\dimen157
\l__xeCJK_bound_margin_width_dim=\dimen158
\l__xeCJK_margin_minimum_dim=\dimen159
\l__xeCJK_kerning_total_width_dim=\dimen160
\l__xeCJK_same_align_margin_dim=\dimen161
\l__xeCJK_different_align_margin_dim=\dimen162
\l__xeCJK_kerning_margin_width_dim=\dimen163
\l__xeCJK_kerning_margin_minimum_dim=\dimen164
\l__xeCJK_bound_dim=\dimen165
\l__xeCJK_reverse_bound_dim=\dimen166
\l__xeCJK_margin_dim=\dimen167
\l__xeCJK_minimum_bound_dim=\dimen168
\l__xeCJK_kerning_margin_dim=\dimen169
\g__xeCJK_family_int=\count280
\l__xeCJK_fam_int=\count281
\g__xeCJK_fam_allocation_int=\count282
\l__xeCJK_verb_case_int=\count283
\l__xeCJK_verb_exspace_skip=\skip57
 (e:/4.LaTeX/texlive/2024/texmf-dist/tex/latex/fontspec/fontspec.sty
(e:/4.LaTeX/texlive/2024/texmf-dist/tex/latex/l3packages/xparse/xparse.sty
Package: xparse 2024-08-16 L3 Experimental document command parser
)
Package: fontspec 2024/05/11 v2.9e Font selection for XeLaTeX and LuaLaTeX

(e:/4.LaTeX/texlive/2024/texmf-dist/tex/latex/fontspec/fontspec-xetex.sty
Package: fontspec-xetex 2024/05/11 v2.9e Font selection for XeLaTeX and LuaLaTe
X
\l__fontspec_script_int=\count284
\l__fontspec_language_int=\count285
\l__fontspec_strnum_int=\count286
\l__fontspec_tmp_int=\count287
\l__fontspec_tmpa_int=\count288
\l__fontspec_tmpb_int=\count289
\l__fontspec_tmpc_int=\count290
\l__fontspec_em_int=\count291
\l__fontspec_emdef_int=\count292
\l__fontspec_strong_int=\count293
\l__fontspec_strongdef_int=\count294
\l__fontspec_tmpa_dim=\dimen170
\l__fontspec_tmpb_dim=\dimen171
\l__fontspec_tmpc_dim=\dimen172

(e:/4.LaTeX/texlive/2024/texmf-dist/tex/latex/base/fontenc.sty
Package: fontenc 2021/04/29 v2.0v Standard LaTeX package
)
(e:/4.LaTeX/texlive/2024/texmf-dist/tex/latex/fontspec/fontspec.cfg)))
(e:/4.LaTeX/texlive/2024/texmf-dist/tex/xelatex/xecjk/xeCJK.cfg
File: xeCJK.cfg 2022/08/05 v3.9.1 Configuration file for xeCJK package
))
\ccwd=\dimen173
\l__ctex_ccglue_skip=\skip58
)
\l__ctex_ziju_dim=\dimen174

(e:/4.LaTeX/texlive/2024/texmf-dist/tex/latex/zhnumber/zhnumber.sty
Package: zhnumber 2022/07/14 v3.0 Typesetting numbers with Chinese glyphs
\l__zhnum_scale_int=\count295
\l__zhnum_tmp_int=\count296

(e:/4.LaTeX/texlive/2024/texmf-dist/tex/latex/zhnumber/zhnumber-utf8.cfg
File: zhnumber-utf8.cfg 2022/07/14 v3.0 Chinese numerals with UTF8 encoding
))
\l__ctex_heading_skip=\skip59

(e:/4.LaTeX/texlive/2024/texmf-dist/tex/latex/ctex/scheme/ctex-scheme-chinese-a
rticle.def
File: ctex-scheme-chinese-article.def 2022/07/14 v2.5.10 Chinese scheme for art
icle (CTEX)

(e:/4.LaTeX/texlive/2024/texmf-dist/tex/latex/ctex/config/ctex-name-utf8.cfg
File: ctex-name-utf8.cfg 2022/07/14 v2.5.10 Caption with encoding UTF-8 (CTEX)
))
(e:/4.LaTeX/texlive/2024/texmf-dist/tex/latex/ctex/ctex-c5size.clo
File: ctex-c5size.clo 2022/07/14 v2.5.10 c5size option (CTEX)
)
(e:/4.LaTeX/texlive/2024/texmf-dist/tex/latex/ctex/fontset/ctex-fontset-windows
.def
File: ctex-fontset-windows.def 2022/07/14 v2.5.10 Windows fonts definition (CTE
X)

Package fontspec Info: 
(fontspec)             Could not resolve font "KaiTi/B" (it probably doesn't
(fontspec)             exist).


Package fontspec Info: 
(fontspec)             Could not resolve font "SimHei/I" (it probably doesn't
(fontspec)             exist).


Package fontspec Info: 
(fontspec)             Could not resolve font "SimSun/BI" (it probably doesn't
(fontspec)             exist).


Package fontspec Info: 
(fontspec)             Font family 'SimSun(0)' created for font 'SimSun' with
(fontspec)             options
(fontspec)             [Script={CJK},BoldFont={SimHei},ItalicFont={KaiTi}].
(fontspec)              
(fontspec)              This font family consists of the following NFSS
(fontspec)             series/shapes:
(fontspec)              
(fontspec)             - 'normal' (m/n) with NFSS spec.:
(fontspec)             <->"SimSun/OT:script=hani;language=dflt;"
(fontspec)             - 'bold' (b/n) with NFSS spec.:
(fontspec)             <->"SimHei/OT:script=hani;language=dflt;"
(fontspec)             - 'italic' (m/it) with NFSS spec.:
(fontspec)             <->"KaiTi/OT:script=hani;language=dflt;"

)) (e:/4.LaTeX/texlive/2024/texmf-dist/tex/latex/ctex/config/ctex.cfg
File: ctex.cfg 2022/07/14 v2.5.10 Configuration file (CTEX)
)
(e:/4.LaTeX/texlive/2024/texmf-dist/tex/latex/amsmath/amsmath.sty
Package: amsmath 2024/11/05 v2.17t AMS math features
\@mathmargin=\skip60

For additional information on amsmath, use the `?' option.
(e:/4.LaTeX/texlive/2024/texmf-dist/tex/latex/amsmath/amstext.sty
Package: amstext 2021/08/26 v2.01 AMS text

(e:/4.LaTeX/texlive/2024/texmf-dist/tex/latex/amsmath/amsgen.sty
File: amsgen.sty 1999/11/30 v2.0 generic functions
\@emptytoks=\toks17
\ex@=\dimen175
))
(e:/4.LaTeX/texlive/2024/texmf-dist/tex/latex/amsmath/amsbsy.sty
Package: amsbsy 1999/11/29 v1.2d Bold Symbols
\pmbraise@=\dimen176
)
(e:/4.LaTeX/texlive/2024/texmf-dist/tex/latex/amsmath/amsopn.sty
Package: amsopn 2022/04/08 v2.04 operator names
)
\inf@bad=\count297
LaTeX Info: Redefining \frac on input line 233.
\uproot@=\count298
\leftroot@=\count299
LaTeX Info: Redefining \overline on input line 398.
LaTeX Info: Redefining \colon on input line 409.
\classnum@=\count300
\DOTSCASE@=\count301
LaTeX Info: Redefining \ldots on input line 495.
LaTeX Info: Redefining \dots on input line 498.
LaTeX Info: Redefining \cdots on input line 619.
\Mathstrutbox@=\box56
\strutbox@=\box57
LaTeX Info: Redefining \big on input line 721.
LaTeX Info: Redefining \Big on input line 722.
LaTeX Info: Redefining \bigg on input line 723.
LaTeX Info: Redefining \Bigg on input line 724.
\big@size=\dimen177
LaTeX Font Info:    Redeclaring font encoding OML on input line 742.
LaTeX Font Info:    Redeclaring font encoding OMS on input line 743.
\macc@depth=\count302
LaTeX Info: Redefining \bmod on input line 904.
LaTeX Info: Redefining \pmod on input line 909.
LaTeX Info: Redefining \smash on input line 939.
LaTeX Info: Redefining \relbar on input line 969.
LaTeX Info: Redefining \Relbar on input line 970.
\c@MaxMatrixCols=\count303
\dotsspace@=\muskip17
\c@parentequation=\count304
\dspbrk@lvl=\count305
\tag@help=\toks18
\row@=\count306
\column@=\count307
\maxfields@=\count308
\andhelp@=\toks19
\eqnshift@=\dimen178
\alignsep@=\dimen179
\tagshift@=\dimen180
\tagwidth@=\dimen181
\totwidth@=\dimen182
\lineht@=\dimen183
\@envbody=\toks20
\multlinegap=\skip61
\multlinetaggap=\skip62
\mathdisplay@stack=\toks21
LaTeX Info: Redefining \[ on input line 2953.
LaTeX Info: Redefining \] on input line 2954.
)
(e:/4.LaTeX/texlive/2024/texmf-dist/tex/latex/amsfonts/amssymb.sty
Package: amssymb 2013/01/14 v3.01 AMS font symbols

(e:/4.LaTeX/texlive/2024/texmf-dist/tex/latex/amsfonts/amsfonts.sty
Package: amsfonts 2013/01/14 v3.01 Basic AMSFonts support
\symAMSa=\mathgroup4
\symAMSb=\mathgroup5
LaTeX Font Info:    Redeclaring math symbol \hbar on input line 98.
LaTeX Font Info:    Overwriting math alphabet `\mathfrak' in version `bold'
(Font)                  U/euf/m/n --> U/euf/b/n on input line 106.
))
(e:/4.LaTeX/texlive/2024/texmf-dist/tex/latex/enumitem/enumitem.sty
Package: enumitem 2025/02/06 v3.11 Customized lists
\enitkv@toks@=\toks22
\labelindent=\skip63
\enit@outerparindent=\dimen184
\enit@toks=\toks23
\enit@inbox=\box58
\enit@count@id=\count309
\enitdp@description=\count310
)
(./questions.aux)
\openout1 = `questions.aux'.

LaTeX Font Info:    Checking defaults for OML/cmm/m/it on input line 15.
LaTeX Font Info:    ... okay on input line 15.
LaTeX Font Info:    Checking defaults for OMS/cmsy/m/n on input line 15.
LaTeX Font Info:    ... okay on input line 15.
LaTeX Font Info:    Checking defaults for OT1/cmr/m/n on input line 15.
LaTeX Font Info:    ... okay on input line 15.
LaTeX Font Info:    Checking defaults for T1/cmr/m/n on input line 15.
LaTeX Font Info:    ... okay on input line 15.
LaTeX Font Info:    Checking defaults for TS1/cmr/m/n on input line 15.
LaTeX Font Info:    ... okay on input line 15.
LaTeX Font Info:    Checking defaults for TU/lmr/m/n on input line 15.
LaTeX Font Info:    ... okay on input line 15.
LaTeX Font Info:    Checking defaults for OMX/cmex/m/n on input line 15.
LaTeX Font Info:    ... okay on input line 15.
LaTeX Font Info:    Checking defaults for U/cmr/m/n on input line 15.
LaTeX Font Info:    ... okay on input line 15.

Package fontspec Info: 
(fontspec)             Adjusting the maths setup (use [no-math] to avoid
(fontspec)             this).

\symlegacymaths=\mathgroup6
LaTeX Font Info:    Overwriting symbol font `legacymaths' in version `bold'
(Font)                  OT1/cmr/m/n --> OT1/cmr/bx/n on input line 15.
LaTeX Font Info:    Redeclaring math accent \acute on input line 15.
LaTeX Font Info:    Redeclaring math accent \grave on input line 15.
LaTeX Font Info:    Redeclaring math accent \ddot on input line 15.
LaTeX Font Info:    Redeclaring math accent \tilde on input line 15.
LaTeX Font Info:    Redeclaring math accent \bar on input line 15.
LaTeX Font Info:    Redeclaring math accent \breve on input line 15.
LaTeX Font Info:    Redeclaring math accent \check on input line 15.
LaTeX Font Info:    Redeclaring math accent \hat on input line 15.
LaTeX Font Info:    Redeclaring math accent \dot on input line 15.
LaTeX Font Info:    Redeclaring math accent \mathring on input line 15.
LaTeX Font Info:    Redeclaring math symbol \Gamma on input line 15.
LaTeX Font Info:    Redeclaring math symbol \Delta on input line 15.
LaTeX Font Info:    Redeclaring math symbol \Theta on input line 15.
LaTeX Font Info:    Redeclaring math symbol \Lambda on input line 15.
LaTeX Font Info:    Redeclaring math symbol \Xi on input line 15.
LaTeX Font Info:    Redeclaring math symbol \Pi on input line 15.
LaTeX Font Info:    Redeclaring math symbol \Sigma on input line 15.
LaTeX Font Info:    Redeclaring math symbol \Upsilon on input line 15.
LaTeX Font Info:    Redeclaring math symbol \Phi on input line 15.
LaTeX Font Info:    Redeclaring math symbol \Psi on input line 15.
LaTeX Font Info:    Redeclaring math symbol \Omega on input line 15.
LaTeX Font Info:    Redeclaring math symbol \mathdollar on input line 15.
LaTeX Font Info:    Redeclaring symbol font `operators' on input line 15.
LaTeX Font Info:    Encoding `OT1' has changed to `TU' for symbol font
(Font)              `operators' in the math version `normal' on input line 15.
LaTeX Font Info:    Overwriting symbol font `operators' in version `normal'
(Font)                  OT1/cmr/m/n --> TU/lmr/m/n on input line 15.
LaTeX Font Info:    Encoding `OT1' has changed to `TU' for symbol font
(Font)              `operators' in the math version `bold' on input line 15.
LaTeX Font Info:    Overwriting symbol font `operators' in version `bold'
(Font)                  OT1/cmr/bx/n --> TU/lmr/m/n on input line 15.
LaTeX Font Info:    Overwriting symbol font `operators' in version `normal'
(Font)                  TU/lmr/m/n --> TU/lmr/m/n on input line 15.
LaTeX Font Info:    Overwriting math alphabet `\mathit' in version `normal'
(Font)                  OT1/cmr/m/it --> TU/lmr/m/it on input line 15.
LaTeX Font Info:    Overwriting math alphabet `\mathbf' in version `normal'
(Font)                  OT1/cmr/bx/n --> TU/lmr/b/n on input line 15.
LaTeX Font Info:    Overwriting math alphabet `\mathsf' in version `normal'
(Font)                  OT1/cmss/m/n --> TU/lmss/m/n on input line 15.
LaTeX Font Info:    Overwriting math alphabet `\mathtt' in version `normal'
(Font)                  OT1/cmtt/m/n --> TU/lmtt/m/n on input line 15.
LaTeX Font Info:    Overwriting symbol font `operators' in version `bold'
(Font)                  TU/lmr/m/n --> TU/lmr/b/n on input line 15.
LaTeX Font Info:    Overwriting math alphabet `\mathit' in version `bold'
(Font)                  OT1/cmr/bx/it --> TU/lmr/b/it on input line 15.
LaTeX Font Info:    Overwriting math alphabet `\mathsf' in version `bold'
(Font)                  OT1/cmss/bx/n --> TU/lmss/b/n on input line 15.
LaTeX Font Info:    Overwriting math alphabet `\mathtt' in version `bold'
(Font)                  OT1/cmtt/m/n --> TU/lmtt/b/n on input line 15.
LaTeX Font Info:    Trying to load font information for U+msa on input line 22.


(e:/4.LaTeX/texlive/2024/texmf-dist/tex/latex/amsfonts/umsa.fd
File: umsa.fd 2013/01/14 v3.01 AMS symbols A
)
LaTeX Font Info:    Trying to load font information for U+msb on input line 22.


(e:/4.LaTeX/texlive/2024/texmf-dist/tex/latex/amsfonts/umsb.fd
File: umsb.fd 2013/01/14 v3.01 AMS symbols B
)

[1

]

[2]

[3]

[4]

[5]

[6]

[7]

[8]

[9]

[10]

[11]

[12]

[13]

[14]

[15]

[16]

[17]

[18]

[19]

[20]

[21]

[22]

[23]

[24]

[25]

[26]

[27]

[28]

[29]

[30]

[31]

[32]

[33]

[34]

[35]

[36]

[37]

[38]

[39]

[40]

[41]

[42]

[43]

[44]

[45]

[46]

[47]
Overfull \hbox (2.4989pt too wide) in paragraph at lines 1508--1510
\TU/SimSun(0)/b/n/10.53937 解 析：|  \TU/SimSun(0)/m/n/10.53937 通 过 初 等 行 变 换 将 行 
列 式 化 为 上 三 角 形 式：| $[] \OT1/cmr/m/n/10.53937 = [] =
 []



[48]

[49]

[50]

[51]
Overfull \hbox (8.88933pt too wide) in paragraph at lines 1614--1616
\TU/SimSun(0)/b/n/10.53937 解 析：| $[] \OT1/cmr/m/n/10.53937 = \OMS/cmsy/m/n/10.5
3937 ^^@\OT1/cmr/m/n/10.53937 4 [] = \OMS/cmsy/m/n/10.53937 ^^@\OT1/cmr/m/n/10.
53937 12 [] =
 []



[52]

[53]

[54]

[55]

[56]

[57]

[58]

[59]

[60]

[61]

[62]

[63]
Overfull \hbox (34.6731pt too wide) in paragraph at lines 2102--2104
\TU/lmr/m/n/10.53937 A. $[] \OML/cmm/m/it/10.53937 ; \OT1/cmr/m/n/10.53937 2\OM
L/cmm/m/it/10.53937 a \OMS/cmsy/m/n/10.53937 ^^@ \OML/cmm/m/it/10.53937 b \OT1/
cmr/m/n/10.53937 + \OML/cmm/m/it/10.53937 d$  \TU/lmr/m/n/10.53937 B. $[] \OML/
cmm/m/it/10.53937 ; \OT1/cmr/m/n/10.53937 2\OML/cmm/m/it/10.53937 a \OT1/cmr/m/
n/10.53937 + \OML/cmm/m/it/10.53937 b \OT1/cmr/m/n/10.53937 + \OML/cmm/m/it/10.
53937 d$  \TU/lmr/m/n/10.53937 C. $[] \OML/cmm/m/it/10.53937 ; \OT1/cmr/m/n/10.
53937 2\OML/cmm/m/it/10.53937 a \OMS/cmsy/m/n/10.53937 ^^@
 []



[64]

[65]

[66]

[67]

[68]

[69]

[70]
Overfull \hbox (7.52519pt too wide) in paragraph at lines 2292--2294
\TU/SimSun(0)/b/n/10.53937 解 析：| $\OML/cmm/m/it/10.53937 A[] \OT1/cmr/m/n/10.53
937 = (\OMS/cmsy/m/n/10.53937 ^^@\OT1/cmr/m/n/10.53937 1)[] [] = 1 \OMS/cmsy/m/
n/10.53937 ^^A \OT1/cmr/m/n/10.53937 (0 \OMS/cmsy/m/n/10.53937 ^^A \OT1/cmr/m/n
/10.53937 3 \OMS/cmsy/m/n/10.53937 ^^@ \OT1/cmr/m/n/10.53937 (\OMS/cmsy/m/n/10.
53937 ^^@\OT1/cmr/m/n/10.53937 1) \OMS/cmsy/m/n/10.53937 ^^A \OT1/cmr/m/n/10.53
937 0) = 0\OML/cmm/m/it/10.53937 ;$ $A[] \OT1/cmr/m/n/10.53937 = (\OMS/cmsy/m/n
/10.53937 ^^@\OT1/cmr/m/n/10.53937 1)[] [] =
 []



[71]
Overfull \hbox (43.14755pt too wide) in paragraph at lines 2317--2319
\TU/SimSun(0)/b/n/10.53937 解 析：| $\OT1/cmr/m/n/10.53937 3\OML/cmm/m/it/10.53937
 M[] \OT1/cmr/m/n/10.53937 + 5\OML/cmm/m/it/10.53937 M[] \OT1/cmr/m/n/10.53937 
+ \OML/cmm/m/it/10.53937 M[] \OT1/cmr/m/n/10.53937 + 2\OML/cmm/m/it/10.53937 M[
] \OT1/cmr/m/n/10.53937 = \OMS/cmsy/m/n/10.53937 ^^@\OT1/cmr/m/n/10.53937 3\OML
/cmm/m/it/10.53937 A[] \OT1/cmr/m/n/10.53937 + 5\OML/cmm/m/it/10.53937 A[] \OMS
/cmsy/m/n/10.53937 ^^@ \OML/cmm/m/it/10.53937 A[]\OT1/cmr/m/n/10.53937 +$ $2\OM
L/cmm/m/it/10.53937 A[] \OT1/cmr/m/n/10.53937 = [] =
 []



[72]

[73]

[74]
Overfull \hbox (31.72243pt too wide) in paragraph at lines 2428--2430
\TU/SimSun(0)/b/n/10.53937 解 析：|  \TU/SimSun(0)/m/n/10.53937 余 子 式 $\OML/cmm/m/
it/10.53937 M[] \OT1/cmr/m/n/10.53937 = [] = \OMS/cmsy/m/n/10.53937 ^^@\OT1/cmr
/m/n/10.53937 19$ \TU/SimSun(0)/m/n/10.53937 ，|  代 数 余 子 式 $\OML/cmm/m/it/10.53
937 A[] \OT1/cmr/m/n/10.53937 =$ $(\OMS/cmsy/m/n/10.53937 ^^@\OT1/cmr/m/n/10.53
937 1)[] [] =
 []



[75]

[76]
Overfull \hbox (3.41266pt too wide) in paragraph at lines 2533--2535
\TU/SimSun(0)/b/n/10.53937 题 目：| \TU/lmr/m/n/10.53937 3. $[] \OT1/cmr/m/n/10.53
937 + [] =$ |\TU/SimSun(0)/m/n/10.53937 （ ） ．| \TU/lmr/m/n/10.53937 A. $[]$ B. 
$[]$
 []



[77]

[78]

[79]

[80]

[81]

[82]
Overfull \hbox (23.50278pt too wide) in paragraph at lines 2775--2777
\TU/SimSun(0)/b/n/10.53937 解 析：| $[] [] \OT1/cmr/m/n/10.53937 + [] = [] + [] =
 []


Overfull \hbox (23.50278pt too wide) in paragraph at lines 2787--2789
\TU/SimSun(0)/b/n/10.53937 解 析：| $[] [] \OT1/cmr/m/n/10.53937 + [] = [] + [] =
 []



[83]
Overfull \hbox (6.75096pt too wide) in paragraph at lines 2835--2837
\TU/SimSun(0)/b/n/10.53937 解 析：| $\OML/cmm/m/it/10.53937 f\OT1/cmr/m/n/10.53937
 ([]) = [][] \OMS/cmsy/m/n/10.53937 ^^@ \OT1/cmr/m/n/10.53937 5[] + 3[] = [][] 
\OMS/cmsy/m/n/10.53937 ^^@ \OT1/cmr/m/n/10.53937 5 [] + 3 [] =
 []



[84]
Overfull \hbox (6.75096pt too wide) in paragraph at lines 2847--2849
\TU/SimSun(0)/b/n/10.53937 解 析：| $\OML/cmm/m/it/10.53937 f\OT1/cmr/m/n/10.53937
 ([]) = [][] \OMS/cmsy/m/n/10.53937 ^^@ \OT1/cmr/m/n/10.53937 2[] + 5[] = [][] 
\OMS/cmsy/m/n/10.53937 ^^@ \OT1/cmr/m/n/10.53937 2 [] + 5 [] =
 []



[85]
Missing character: There is no （ (U+FF08) in font [lmroman10-regular]:mapping=t
ex-text;!
Missing character: There is no ） (U+FF09) in font [lmroman10-regular]:mapping=t
ex-text;!
Missing character: There is no （ (U+FF08) in font [lmroman10-regular]:mapping=t
ex-text;!
Missing character: There is no ） (U+FF09) in font [lmroman10-regular]:mapping=t
ex-text;!
Missing character: There is no （ (U+FF08) in font [lmroman10-regular]:mapping=t
ex-text;!
Missing character: There is no ） (U+FF09) in font [lmroman10-regular]:mapping=t
ex-text;!


[86]
Missing character: There is no （ (U+FF08) in font [lmroman10-regular]:mapping=t
ex-text;!
Missing character: There is no ） (U+FF09) in font [lmroman10-regular]:mapping=t
ex-text;!
Missing character: There is no （ (U+FF08) in font [lmroman10-regular]:mapping=t
ex-text;!
Missing character: There is no ） (U+FF09) in font [lmroman10-regular]:mapping=t
ex-text;!


[87]
Missing character: There is no （ (U+FF08) in font [lmroman10-regular]:mapping=t
ex-text;!
Missing character: There is no ） (U+FF09) in font [lmroman10-regular]:mapping=t
ex-text;!


[88]

[89]

[90]
Overfull \hbox (2.31238pt too wide) in paragraph at lines 3151--3153
\TU/SimSun(0)/b/n/10.53937 解 析：|  \TU/SimSun(0)/m/n/10.53937 因 为 $\OML/cmm/m/it
/10.53937 A[] \OT1/cmr/m/n/10.53937 = 4\OML/cmm/m/it/10.53937 ; A[] \OT1/cmr/m/
n/10.53937 = \OMS/cmsy/m/n/10.53937 ^^@\OT1/cmr/m/n/10.53937 2\OML/cmm/m/it/10.
53937 ; A[] \OT1/cmr/m/n/10.53937 = \OMS/cmsy/m/n/10.53937 ^^@\OT1/cmr/m/n/10.5
3937 3\OML/cmm/m/it/10.53937 ; A[] \OT1/cmr/m/n/10.53937 = 1$\TU/SimSun(0)/m/n/
10.53937 ，|  故 $[][] \OT1/cmr/m/n/10.53937 = [] =
 []



[91]
Overfull \hbox (28.22653pt too wide) in paragraph at lines 3163--3165
[]$ \TU/lmr/m/n/10.53937 B. $[]$ C. $[]$ D. $[]$ 
 []



[92]

[93]
Overfull \hbox (56.84099pt too wide) in paragraph at lines 3246--3248
\TU/SimSun(0)/b/n/10.53937 解 析：|  \TU/SimSun(0)/m/n/10.53937 由 $[] \OT1/cmr/m/n
/10.53937 = 2 \OMS/cmsy/m/n/10.53937 6\OT1/cmr/m/n/10.53937 = 0$ \TU/SimSun(0)/
m/n/10.53937 知 $[]$ 可 逆，|  所 以 $[] \OT1/cmr/m/n/10.53937 = [][] [] =
 []


Overfull \hbox (26.89163pt too wide) in paragraph at lines 3258--3260
[]$ \TU/lmr/m/n/10.53937 B. $[]$ C. $[]$ D. $[]$ 
 []



[94]
Overfull \hbox (7.65576pt too wide) in paragraph at lines 3294--3296
\TU/SimSun(0)/b/n/10.53937 解 析：|  \TU/SimSun(0)/m/n/10.53937 因 为 $[][] \OT1/cmr
/m/n/10.53937 = \OMS/cmsy/m/n/10.53937 j[]j[][]$\TU/SimSun(0)/m/n/10.53937 ，|  
所 以 $[] \OT1/cmr/m/n/10.53937 = [] = [] =
 []



[95]
Overfull \hbox (39.85463pt too wide) in paragraph at lines 3330--3332
\TU/SimSun(0)/b/n/10.53937 题 目：| \TU/lmr/m/n/10.53937 69. \TU/SimSun(0)/m/n/10.
53937 以 下 不 能 用 克 莱 姆 法 则 求 解 的 方 程 组 是  |（ ） ．| \TU/lmr/m/n/10.53937 A. $[]$
 []


Overfull \hbox (41.9775pt too wide) in paragraph at lines 3330--3332
\TU/lmr/m/n/10.53937 B. $[]$ C. $[]$ D. $[]$ 
 []



[96]

[97]

[98]

[99]

[100]

[101]

[102]

[103]

[104]

[105]

[106]

[107]

[108]

[109]

[110]

[111]

[112]

[113]

[114]

[115]

[116]
Overfull \hbox (41.45169pt too wide) in paragraph at lines 4091--4093
\TU/SimSun(0)/b/n/10.53937 解 析：| $[] \OT1/cmr/m/n/10.53937 = []([] + []) = [] [
] = [] [] =$
 []


Overfull \hbox (33.42067pt too wide) in paragraph at lines 4099--4101
\TU/SimSun(0)/b/n/10.53937 解 析：| $[] \OT1/cmr/m/n/10.53937 = 2([] + []) = 2 [] 
= []$\TU/lmr/m/n/10.53937 . 
 []



[117]
Overfull \hbox (22.88126pt too wide) in paragraph at lines 4107--4109
\TU/SimSun(0)/b/n/10.53937 解 析：| $[] \OT1/cmr/m/n/10.53937 = 3([] + []) = 3 [] 
= 3 []$\TU/lmr/m/n/10.53937 . 
 []


Overfull \hbox (32.83525pt too wide) in paragraph at lines 4115--4117
\TU/SimSun(0)/b/n/10.53937 解 析：| $[] \OT1/cmr/m/n/10.53937 = 2[] \OMS/cmsy/m/n/
10.53937 ^^@ \OT1/cmr/m/n/10.53937 3[] = 2 [] \OMS/cmsy/m/n/10.53937 ^^@ \OT1/c
mr/m/n/10.53937 3 [] = []$\TU/lmr/m/n/10.53937 . 
 []



[118]
Overfull \hbox (11.51245pt too wide) in paragraph at lines 4131--4133
[][][] \OT1/cmr/m/n/10.53937 =$ $[] [] = 3$ \TU/SimSun(0)/m/n/10.53937 ，|  所 以 
$[][] \OT1/cmr/m/n/10.53937 = 3[][][][] = 3[] []$\TU/lmr/m/n/10.53937 . 
 []



[119]
Overfull \hbox (130.86743pt too wide) detected at line 4154
\OML/cmm/m/it/10.53937 A[] \OT1/cmr/m/n/10.53937 = \OMS/cmsy/m/n/10.53937 ^^@\O
T1/cmr/m/n/10.53937 3\OML/cmm/m/it/10.53937 ;  A[] \OT1/cmr/m/n/10.53937 = \OMS
/cmsy/m/n/10.53937 ^^@\OT1/cmr/m/n/10.53937 4\OML/cmm/m/it/10.53937 ;  A[] \OT1
/cmr/m/n/10.53937 = 5\OML/cmm/m/it/10.53937 ;  A[] \OT1/cmr/m/n/10.53937 = 3\OM
L/cmm/m/it/10.53937 ;  A[] \OT1/cmr/m/n/10.53937 = 0\OML/cmm/m/it/10.53937 ;  A
[] \OT1/cmr/m/n/10.53937 = \OMS/cmsy/m/n/10.53937 ^^@\OT1/cmr/m/n/10.53937 1\OM
L/cmm/m/it/10.53937 ;  A[] \OT1/cmr/m/n/10.53937 = 1\OML/cmm/m/it/10.53937 ;  A
[] \OT1/cmr/m/n/10.53937 = 4\OML/cmm/m/it/10.53937 ;  A[] \OT1/cmr/m/n/10.53937
 = \OMS/cmsy/m/n/10.53937 ^^@\OT1/cmr/m/n/10.53937 3
 []



[120]
Overfull \hbox (47.05716pt too wide) in paragraph at lines 4195--4197
\TU/SimSun(0)/m/n/10.53937 于 是 $[][] \OT1/cmr/m/n/10.53937 = [] \OMS/cmsy/m/n/1
0.53937 ^^A [] \OT1/cmr/m/n/10.53937 = 2[] = 2 [][] = 2 [] = []$\TU/lmr/m/n/10.
53937 . 
 []



[121]

[122]

[123]

[124]
Overfull \hbox (45.13676pt too wide) in paragraph at lines 4291--4293
[]$ \TU/lmr/m/n/10.53937 B. $[]$ C. $[]$ D. $[]$ 
 []


Overfull \hbox (43.87407pt too wide) in paragraph at lines 4291--4293
\TU/SimSun(0)/b/n/10.53937 解 析：|  \TU/SimSun(0)/m/n/10.53937 由 $\OT1/cmr/m/n/10
.53937 ([] \OMS/cmsy/m/n/10.53937 j []\OT1/cmr/m/n/10.53937 ) = [] [] []$
 []



[125]
Overfull \hbox (42.16983pt too wide) in paragraph at lines 4331--4333
[]$ \TU/lmr/m/n/10.53937 B. $[]$ C. $[]$ D. $[]$ 
 []


Overfull \hbox (21.93555pt too wide) in paragraph at lines 4331--4333
\TU/SimSun(0)/b/n/10.53937 解 析：|  $\OT1/cmr/m/n/10.53937 ([] \OMS/cmsy/m/n/10.5
3937 j []\OT1/cmr/m/n/10.53937 ) = [] [] []$ 
 []


Overfull \hbox (24.30754pt too wide) in paragraph at lines 4331--4333
[] [] [] [] \OMS/cmsy/m/n/10.53937 !$ 
 []


Overfull \hbox (11.33292pt too wide) in paragraph at lines 4373--4373
[]$ \TU/SimSun(0)/m/n/10.53937 ，|  则 矩 阵 $[] \OT1/cmr/m/n/10.53937 =$ |\TU/SimS
un(0)/m/n/10.53937 （ ）| \TU/lmr/m/n/10.53937 . A. $[]$ B. $[]$ C. $[]$
 []


Overfull \hbox (13.11986pt too wide) in paragraph at lines 4373--4373
\TU/SimSun(0)/b/n/10.53937 解 析：|  \TU/SimSun(0)/m/n/10.53937 可 知 $\OML/cmm/m/it
/10.53937 A$ \TU/SimSun(0)/m/n/10.53937 可 逆，|  则 $[] \OT1/cmr/m/n/10.53937 = []
[][]$ \TU/SimSun(0)/m/n/10.53937 故 由 $\OT1/cmr/m/n/10.53937 ([] \OMS/cmsy/m/n/1
0.53937 j []\OT1/cmr/m/n/10.53937 ) = [] []$ 
 []



[126]

[127]

[128]

[129]

[130]
Overfull \hbox (6.00717pt too wide) in paragraph at lines 4541--4543
\TU/SimSun(0)/b/n/10.53937 解 析：|  \TU/SimSun(0)/m/n/10.53937 由 $[] \OT1/cmr/m/n
/10.53937 = [] [] [] \OMS/cmsy/m/n/10.53937 ! []$
 []



[131]
Overfull \hbox (86.29198pt too wide) in paragraph at lines 4579--4581
\TU/SimSun(0)/b/n/10.53937 解 析：| $[] \OMS/cmsy/m/n/10.53937 ! [] ! []$\TU/SimSu
n(0)/m/n/10.53937 ，|
 []



[132]
Overfull \hbox (86.29198pt too wide) in paragraph at lines 4627--4629
\TU/SimSun(0)/b/n/10.53937 解 析：| $[] \OMS/cmsy/m/n/10.53937 ! [] ! []$\TU/SimSu
n(0)/m/n/10.53937 ，|
 []



[133]
Overfull \hbox (71.25487pt too wide) in paragraph at lines 4639--4641
\TU/SimSun(0)/b/n/10.53937 解 析：|  \TU/SimSun(0)/m/n/10.53937 对 于 方 程 组 的 系 数 矩 
阵 作 初 等 变 换 $\OML/cmm/m/it/10.53937 A \OT1/cmr/m/n/10.53937 = [] \OMS/cmsy/m/n/
10.53937 ! [] !
 []



[134]
Overfull \hbox (10.16136pt too wide) in paragraph at lines 4661--4663
\TU/SimSun(0)/m/n/10.53937 有 限 次 初 等 变 换 变 为 单 位 矩 阵 $[]$ ，|  即 存 在 初 等 矩 阵 $[]
[]\OML/cmm/m/it/10.53937 ; [][]; [] ; [][][][]; [][]; [] ; [][]$
 []


Overfull \hbox (0.11697pt too wide) in paragraph at lines 4661--4663
\TU/SimSun(0)/m/n/10.53937 使 得 $[][][][] [] [][][][][][][] [] [][] \OT1/cmr/m/n
/10.53937 = []$ \TU/SimSun(0)/m/n/10.53937 所 以，| $[] \OT1/cmr/m/n/10.53937 = []
[][][] [] [][][][][][][] [] [][]$
 []



[135]

[136]

[137]
Overfull \hbox (11.45801pt too wide) in paragraph at lines 4766--4768
\TU/SimSun(0)/b/n/10.53937 解 析：|  \TU/SimSun(0)/m/n/10.53937 将 增 广 矩 阵 $\OT1/cm
r/m/n/10.53937 ([] \OMS/cmsy/m/n/10.53937 j []\OT1/cmr/m/n/10.53937 )$ \TU/SimS
un(0)/m/n/10.53937 进 行 初 等 行 变 换 后 可 得 逆 矩 阵 $[][] \OT1/cmr/m/n/10.53937 = []$\
TU/SimSun(0)/m/n/10.53937 ，|
 []



[138]

[139]
Overfull \hbox (31.98045pt too wide) in paragraph at lines 4831--4833
\TU/SimSun(0)/b/n/10.53937 解 析：|  \TU/SimSun(0)/m/n/10.53937 由 $[] \OT1/cmr/m/n
/10.53937 = [] [] [] [] []$
 []



[140]

[141]
Overfull \hbox (14.58005pt too wide) in paragraph at lines 4896--4898
\TU/SimSun(0)/b/n/10.53937 解 析：|  \TU/SimSun(0)/m/n/10.53937 由 于 $[] \OT1/cmr/m
/n/10.53937 = [] \OMS/cmsy/m/n/10.53937 ! [] ! []$
 []



[142]
Overfull \hbox (26.07922pt too wide) detected at line 4940
[][]
 []



[143]

[144]
Missing character: There is no ， (U+FF0C) in font [lmroman10-regular]:mapping=t
ex-text;!


[145]
Overfull \hbox (12.77582pt too wide) in paragraph at lines 5025--5027
[]$ \TU/SimSun(0)/m/n/10.53937 ，|  可 知 $\OT1/cmr/m/n/10.53937 ([] \OMS/cmsy/m/n
/10.53937 ^^@ \OT1/cmr/m/n/10.53937 2[] \OMS/cmsy/m/n/10.53937 j []\OT1/cmr/m/n
/10.53937 ) = [] []
 []



[146]
Overfull \hbox (1.71616pt too wide) in paragraph at lines 5033--5035
\TU/SimSun(0)/m/n/10.53937 而 $[] \OT1/cmr/m/n/10.53937 = ([] \OMS/cmsy/m/n/10.5
3937 ^^@ []\OT1/cmr/m/n/10.53937 )[][]$\TU/SimSun(0)/m/n/10.53937 ．|  由 $\OT1/c
mr/m/n/10.53937 ([] \OMS/cmsy/m/n/10.53937 ^^@ [] j []\OT1/cmr/m/n/10.53937 ) =
 [] []
 []



[147]
Overfull \hbox (88.56662pt too wide) in paragraph at lines 5049--5051
\TU/SimSun(0)/b/n/10.53937 解 析：|  \TU/SimSun(0)/m/n/10.53937 对 $[][]$ 做 行 变 换：|
 $[][] \OT1/cmr/m/n/10.53937 = [] [] [] []
 []


Overfull \hbox (33.72716pt too wide) in paragraph at lines 5049--5051
[] [] [] [] []$
 []



[148]
Missing character: There is no 、 (U+3001) in font [lmroman10-regular]:mapping=t
ex-text;!


[149]
Overfull \hbox (73.71376pt too wide) in paragraph at lines 5083--5085
\TU/SimSun(0)/b/n/10.53937 解 析：|  $[] \OT1/cmr/m/n/10.53937 = [] \OMS/cmsy/m/n/
10.53937 ! [] ! []$
 []



[150]
Overfull \hbox (41.66814pt too wide) in paragraph at lines 5110--5112
\TU/SimSun(0)/b/n/10.53937 解 析：|  \TU/SimSun(0)/m/n/10.53937 因 为 系 数 矩 阵 $[] \O
T1/cmr/m/n/10.53937 = [] \OMS/cmsy/m/n/10.53937 ! [] ! []$
 []



[151]

[152]
Overfull \hbox (20.50867pt too wide) in paragraph at lines 5208--5210
\OMS/cmsy/m/n/10.53937 ^^@\OT1/cmr/m/n/10.53937 5\OML/cmm/m/it/10.53937 ; a[] \
OT1/cmr/m/n/10.53937 = \OMS/cmsy/m/n/10.53937 ^^@\OT1/cmr/m/n/10.53937 9\OML/cm
m/m/it/10.53937 ; a[] \OT1/cmr/m/n/10.53937 = 2\OML/cmm/m/it/10.53937 ; b[] \OT
1/cmr/m/n/10.53937 = \OMS/cmsy/m/n/10.53937 ^^@\OT1/cmr/m/n/10.53937 7\OML/cmm/
m/it/10.53937 ; b[] \OT1/cmr/m/n/10.53937 = 4\OML/cmm/m/it/10.53937 ; b[] \OT1/
cmr/m/n/10.53937 = 7\OML/cmm/m/it/10.53937 ; b[] \OT1/cmr/m/n/10.53937 = \OMS/c
msy/m/n/10.53937 ^^@\OT1/cmr/m/n/10.53937 1$\TU/SimSun(0)/m/n/10.53937 ，|  即 $[
] \OT1/cmr/m/n/10.53937 = (10\OML/cmm/m/it/10.53937 ; \OMS/cmsy/m/n/10.53937 ^^
@\OT1/cmr/m/n/10.53937 5\OML/cmm/m/it/10.53937 ; \OMS/cmsy/m/n/10.53937 ^^@\OT1
/cmr/m/n/10.53937 9\OML/cmm/m/it/10.53937 ; \OT1/cmr/m/n/10.53937 2)\OML/cmm/m/
it/10.53937 ; [] \OT1/cmr/m/n/10.53937 =
 []



[153]
Overfull \hbox (14.47173pt too wide) in paragraph at lines 5232--5234
\TU/SimSun(0)/b/n/10.53937 题 目：| \TU/lmr/m/n/10.53937 10. \TU/SimSun(0)/m/n/10.
53937 将 向 量 $[] \OT1/cmr/m/n/10.53937 = (\OMS/cmsy/m/n/10.53937 ^^@\OT1/cmr/m/n
/10.53937 5\OML/cmm/m/it/10.53937 ; \OT1/cmr/m/n/10.53937 3\OML/cmm/m/it/10.539
37 ; \OMS/cmsy/m/n/10.53937 ^^@\OT1/cmr/m/n/10.53937 1)$ \TU/SimSun(0)/m/n/10.5
3937 表 成 向 量 组 $[][] \OT1/cmr/m/n/10.53937 = (1\OML/cmm/m/it/10.53937 ; \OT1/cm
r/m/n/10.53937 0\OML/cmm/m/it/10.53937 ; \OT1/cmr/m/n/10.53937 1)\OML/cmm/m/it/
10.53937 ; [][] \OT1/cmr/m/n/10.53937 = (0\OML/cmm/m/it/10.53937 ; \OT1/cmr/m/n
/10.53937 1\OML/cmm/m/it/10.53937 ; \OT1/cmr/m/n/10.53937 0)\OML/cmm/m/it/10.53
937 ; [][] \OT1/cmr/m/n/10.53937 =
 []



[154]

[155]
Overfull \hbox (6.27441pt too wide) in paragraph at lines 5292--5294
\TU/SimSun(0)/b/n/10.53937 题 目：| \TU/lmr/m/n/10.53937 15. \TU/SimSun(0)/m/n/10.
53937 把 向 量 $[] \OT1/cmr/m/n/10.53937 = (3\OML/cmm/m/it/10.53937 ; \OT1/cmr/m/n
/10.53937 2\OML/cmm/m/it/10.53937 ; \OT1/cmr/m/n/10.53937 1)$ \TU/SimSun(0)/m/n
/10.53937 表 成 向 量 组 $[][] \OT1/cmr/m/n/10.53937 = (1\OML/cmm/m/it/10.53937 ; \O
T1/cmr/m/n/10.53937 1\OML/cmm/m/it/10.53937 ; \OT1/cmr/m/n/10.53937 1)\OML/cmm/
m/it/10.53937 ; [][] \OT1/cmr/m/n/10.53937 = (\OMS/cmsy/m/n/10.53937 ^^@\OT1/cm
r/m/n/10.53937 1\OML/cmm/m/it/10.53937 ; \OT1/cmr/m/n/10.53937 1\OML/cmm/m/it/1
0.53937 ; \OT1/cmr/m/n/10.53937 0)\OML/cmm/m/it/10.53937 ; [][] \OT1/cmr/m/n/10
.53937 =
 []


Overfull \hbox (3.93236pt too wide) in paragraph at lines 5304--5306
\TU/SimSun(0)/b/n/10.53937 题 目：| \TU/lmr/m/n/10.53937 16. \TU/SimSun(0)/m/n/10.
53937 将 向 量 $[] \OT1/cmr/m/n/10.53937 = (8\OML/cmm/m/it/10.53937 ; \OT1/cmr/m/n
/10.53937 3\OML/cmm/m/it/10.53937 ; \OMS/cmsy/m/n/10.53937 ^^@\OT1/cmr/m/n/10.5
3937 2)$ \TU/SimSun(0)/m/n/10.53937 表 成 向 量 $[][] \OT1/cmr/m/n/10.53937 = (1\OM
L/cmm/m/it/10.53937 ; \OT1/cmr/m/n/10.53937 2\OML/cmm/m/it/10.53937 ; \OT1/cmr/
m/n/10.53937 0)\OML/cmm/m/it/10.53937 ; [][] \OT1/cmr/m/n/10.53937 = (2\OML/cmm
/m/it/10.53937 ; \OT1/cmr/m/n/10.53937 0\OML/cmm/m/it/10.53937 ; \OMS/cmsy/m/n/
10.53937 ^^@\OT1/cmr/m/n/10.53937 1)\OML/cmm/m/it/10.53937 ; [][] \OT1/cmr/m/n/
10.53937 =
 []



[156]
Overfull \hbox (13.22679pt too wide) in paragraph at lines 5364--5366
\TU/SimSun(0)/b/n/10.53937 题 目：| \TU/lmr/m/n/10.53937 21. \TU/SimSun(0)/m/n/10.
53937 向 量 组 $[][] \OT1/cmr/m/n/10.53937 = (1\OML/cmm/m/it/10.53937 ; \OT1/cmr/m
/n/10.53937 1\OML/cmm/m/it/10.53937 ; \OT1/cmr/m/n/10.53937 1\OML/cmm/m/it/10.5
3937 ; \OT1/cmr/m/n/10.53937 1)\OML/cmm/m/it/10.53937 ; [][] \OT1/cmr/m/n/10.53
937 = (1\OML/cmm/m/it/10.53937 ; \OT1/cmr/m/n/10.53937 1\OML/cmm/m/it/10.53937 
; \OMS/cmsy/m/n/10.53937 ^^@\OT1/cmr/m/n/10.53937 1\OML/cmm/m/it/10.53937 ; \OM
S/cmsy/m/n/10.53937 ^^@\OT1/cmr/m/n/10.53937 1)\OML/cmm/m/it/10.53937 ; [][] \O
T1/cmr/m/n/10.53937 = (1\OML/cmm/m/it/10.53937 ; \OMS/cmsy/m/n/10.53937 ^^@\OT1
/cmr/m/n/10.53937 1\OML/cmm/m/it/10.53937 ; \OMS/cmsy/m/n/10.53937 ^^@\OT1/cmr/
m/n/10.53937 1\OML/cmm/m/it/10.53937 ; \OT1/cmr/m/n/10.53937 1)\OML/cmm/m/it/10
.53937 ; [][] \OT1/cmr/m/n/10.53937 =
 []



[157]
Overfull \hbox (18.60391pt too wide) in paragraph at lines 5388--5390
\TU/SimSun(0)/b/n/10.53937 题 目：| \TU/lmr/m/n/10.53937 23. \TU/SimSun(0)/m/n/10.
53937 向 量 组 $[][] \OT1/cmr/m/n/10.53937 = (1\OML/cmm/m/it/10.53937 ; \OMS/cmsy/
m/n/10.53937 ^^@\OT1/cmr/m/n/10.53937 2\OML/cmm/m/it/10.53937 ; \OT1/cmr/m/n/10
.53937 3\OML/cmm/m/it/10.53937 ; \OMS/cmsy/m/n/10.53937 ^^@\OT1/cmr/m/n/10.5393
7 1)\OML/cmm/m/it/10.53937 ; [][] \OT1/cmr/m/n/10.53937 = (2\OML/cmm/m/it/10.53
937 ; \OMS/cmsy/m/n/10.53937 ^^@\OT1/cmr/m/n/10.53937 1\OML/cmm/m/it/10.53937 ;
 \OT1/cmr/m/n/10.53937 1\OML/cmm/m/it/10.53937 ; \OT1/cmr/m/n/10.53937 0)\OML/c
mm/m/it/10.53937 ; [][] \OT1/cmr/m/n/10.53937 = (1\OML/cmm/m/it/10.53937 ; \OMS
/cmsy/m/n/10.53937 ^^@\OT1/cmr/m/n/10.53937 5\OML/cmm/m/it/10.53937 ; \OT1/cmr/
m/n/10.53937 8\OML/cmm/m/it/10.53937 ; \OMS/cmsy/m/n/10.53937 ^^@\OT1/cmr/m/n/1
0.53937 3)\OML/cmm/m/it/10.53937 ; [][] \OT1/cmr/m/n/10.53937 =
 []

Missing character: There is no 、 (U+3001) in font [lmroman10-regular]:mapping=t
ex-text;!


[158]

[159]

[160]

[161]

[162]

[163]

[164]

[165]

[166]

[167]

[168]
Overfull \hbox (40.64534pt too wide) in paragraph at lines 5817--5819
\TU/SimSun(0)/b/n/10.53937 解 析：|  \TU/SimSun(0)/m/n/10.53937 以 $[]\OML/cmm/m/it
/10.53937 ; []; ^^M$ \TU/SimSun(0)/m/n/10.53937 为 行 向 量 作 矩 阵，|  对 该 矩 阵 进 行 初 
等 行 变 换，|  即 $[] \OMS/cmsy/m/n/10.53937 !
 []



[169]
Overfull \hbox (47.71773pt too wide) in paragraph at lines 5825--5827
\TU/SimSun(0)/b/n/10.53937 解 析：|  \TU/SimSun(0)/m/n/10.53937 以 $[]\OML/cmm/m/it
/10.53937 ; []; ^^M$ \TU/SimSun(0)/m/n/10.53937 为 行 向 量 作 矩 阵，|  对 该 矩 阵 进 行 初 
等 行 变 换，|  即 $[] \OMS/cmsy/m/n/10.53937 !
 []



[170]
Overfull \hbox (104.3554pt too wide) in paragraph at lines 5849--5851
\TU/SimSun(0)/b/n/10.53937 解 析：|  \TU/SimSun(0)/m/n/10.53937 化 增 广 矩 阵 为 阶 梯 型 
$[] \OMS/cmsy/m/n/10.53937 ! []$
 []


Overfull \hbox (9.59433pt too wide) in paragraph at lines 5869--5871
\TU/SimSun(0)/b/n/10.53937 题 目：| \TU/lmr/m/n/10.53937 2. \TU/SimSun(0)/m/n/10.5
3937 将 向 量 $[] \OT1/cmr/m/n/10.53937 = (3\OML/cmm/m/it/10.53937 ; \OT1/cmr/m/n/
10.53937 5\OML/cmm/m/it/10.53937 ; \OMS/cmsy/m/n/10.53937 ^^@\OT1/cmr/m/n/10.53
937 6)$ \TU/SimSun(0)/m/n/10.53937 表 示 为 向 量 组 $[][] \OT1/cmr/m/n/10.53937 = (1
\OML/cmm/m/it/10.53937 ; \OT1/cmr/m/n/10.53937 0\OML/cmm/m/it/10.53937 ; \OT1/c
mr/m/n/10.53937 1)\OML/cmm/m/it/10.53937 ; [][] \OT1/cmr/m/n/10.53937 = (1\OML/
cmm/m/it/10.53937 ; \OT1/cmr/m/n/10.53937 1\OML/cmm/m/it/10.53937 ; \OT1/cmr/m/
n/10.53937 1)\OML/cmm/m/it/10.53937 ; [][] \OT1/cmr/m/n/10.53937 =
 []


Overfull \hbox (4.12064pt too wide) in paragraph at lines 5877--5879
\TU/SimSun(0)/b/n/10.53937 解 析：|  \TU/SimSun(0)/m/n/10.53937 以 向 量 $[][]\OML/cm
m/m/it/10.53937 ; [][]; [][]; [][]$ \TU/SimSun(0)/m/n/10.53937 为 行 向 量 作 矩 阵 $[
]$ ，|  则 $[]$ 得 秩 就 是 $[][]\OML/cmm/m/it/10.53937 ; [][]; [][]; [][]$
 []



[171]
Overfull \hbox (6.0196pt too wide) in paragraph at lines 5886--5888
[] \OMS/cmsy/m/n/10.53937 ! [] !$ $[]$ \TU/SimSun(0)/m/n/10.53937 ．|  所 以 $[][]
\OML/cmm/m/it/10.53937 ; [][]; [][]$
 []


Overfull \hbox (19.24971pt too wide) in paragraph at lines 5896--5898
[] \OT1/cmr/m/n/10.53937 = [] = [] []$ $[] []$
 []


Overfull \hbox (6.3811pt too wide) in paragraph at lines 5896--5898
[] [] []$ $[]
 []



[172]

[173]
Overfull \hbox (125.63933pt too wide) detected at line 5963
[][]
 []


Overfull \hbox (107.1998pt too wide) detected at line 5995
[] \OMS/cmsy/m/n/10.53937 ! [] ! [] ! [] ! [] \OML/cmm/m/it/10.53937 ;
 []



[174]

[175]

[176]

[177]

[178]

[179]

[180]

[181]

[182]
Missing character: There is no 、 (U+3001) in font [lmroman10-regular]:mapping=t
ex-text;!
Missing character: There is no 、 (U+3001) in font [lmroman10-regular]:mapping=t
ex-text;!
Missing character: There is no 、 (U+3001) in font [lmroman10-regular]:mapping=t
ex-text;!
Missing character: There is no 、 (U+3001) in font [lmroman10-regular]:mapping=t
ex-text;!


[183]

[184]

[185] (./questions.aux)
 ***********
LaTeX2e <2024-11-01> patch level 2
L3 programming layer <2022/07/14>
 ***********
 ) 
Here is how much of TeX's memory you used:
 8265 strings out of 473839
 234071 string characters out of 5729709
 650240 words of memory out of 5000000
 31249 multiletter control sequences out of 15000+600000
 566267 words of font info for 83 fonts, out of 8000000 for 9000
 1348 hyphenation exceptions out of 8191
 93i,17n,111p,961b,277s stack positions out of 10000i,1000n,20000p,200000b,200000s

Output written on questions.pdf (185 pages).
