This is pdfTeX, Version 3.141592653-2.6-1.40.26 (TeX Live 2024) (preloaded format=pdflatex 2025.3.6)  12 MAY 2025 21:50
entering extended mode
 restricted \write18 enabled.
 %&-line parsing enabled.
**11111.tex
(./11111.tex
LaTeX2e <2024-11-01> patch level 2
L3 programming layer <2025-01-18>
(e:/4.LaTeX/texlive/2024/texmf-dist/tex/latex/ctex/ctexart.cls
(e:/4.LaTeX/texlive/2024/texmf-dist/tex/latex/ctex/config/ctexbackend.cfg
File: ctexbackend.cfg 2022/07/14 v2.5.10 Backend configuration file (CTEX)
)
(e:/4.LaTeX/texlive/2024/texmf-dist/tex/latex/l3kernel/expl3.sty
Package: expl3 2025-01-18 L3 programming layer (loader) 

(e:/4.LaTeX/texlive/2024/texmf-dist/tex/latex/l3backend/l3backend-pdftex.def
File: l3backend-pdftex.def 2024-05-08 L3 backend support: PDF output (pdfTeX)
\l__color_backend_stack_int=\count196
\l__pdf_internal_box=\box52
))
Document Class: ctexart 2022/07/14 v2.5.10 Chinese adapter for class article (C
TEX)
(e:/4.LaTeX/texlive/2024/texmf-dist/tex/latex/ctex/ctexhook.sty
Package: ctexhook 2022/07/14 v2.5.10 Document and package hooks (CTEX)
)
(e:/4.LaTeX/texlive/2024/texmf-dist/tex/latex/ctex/ctexpatch.sty
Package: ctexpatch 2022/07/14 v2.5.10 Patching commands (CTEX)
)
(e:/4.LaTeX/texlive/2024/texmf-dist/tex/latex/base/fix-cm.sty
Package: fix-cm 2020/11/24 v1.1t fixes to LaTeX

(e:/4.LaTeX/texlive/2024/texmf-dist/tex/latex/base/ts1enc.def
File: ts1enc.def 2001/06/05 v3.0e (jk/car/fm) Standard LaTeX file
LaTeX Font Info:    Redeclaring font encoding TS1 on input line 47.
))
\l__ctex_tmp_int=\count197
\l__ctex_tmp_box=\box53
\l__ctex_tmp_dim=\dimen141
\g__ctex_section_depth_int=\count198
\g__ctex_font_size_int=\count199

(e:/4.LaTeX/texlive/2024/texmf-dist/tex/latex/ctex/config/ctexopts.cfg
File: ctexopts.cfg 2022/07/14 v2.5.10 Option configuration file (CTEX)
)

Class ctexart Warning: UTF8 will be used as the default encoding.

(e:/4.LaTeX/texlive/2024/texmf-dist/tex/latex/base/article.cls
Document Class: article 2024/06/29 v1.4n Standard LaTeX document class
(e:/4.LaTeX/texlive/2024/texmf-dist/tex/latex/base/size10.clo
File: size10.clo 2024/06/29 v1.4n Standard LaTeX file (size option)
)
\c@part=\count266
\c@section=\count267
\c@subsection=\count268
\c@subsubsection=\count269
\c@paragraph=\count270
\c@subparagraph=\count271
\c@figure=\count272
\c@table=\count273
\abovecaptionskip=\skip49
\belowcaptionskip=\skip50
\bibindent=\dimen142
)
(e:/4.LaTeX/texlive/2024/texmf-dist/tex/latex/ctex/engine/ctex-engine-pdftex.de
f
File: ctex-engine-pdftex.def 2022/07/14 v2.5.10 (pdf)LaTeX adapter (CTEX)
 (e:/4.LaTeX/texlive/2024/texmf-dist/tex/latex/cjk/texinput/CJKutf8.sty
Package: CJKutf8 2021/10/16 4.8.5

(e:/4.LaTeX/texlive/2024/texmf-dist/tex/generic/iftex/ifpdf.sty
Package: ifpdf 2019/10/25 v3.4 ifpdf legacy package. Use iftex instead.

(e:/4.LaTeX/texlive/2024/texmf-dist/tex/generic/iftex/iftex.sty
Package: iftex 2024/12/12 v1.0g TeX engine tests
))
(e:/4.LaTeX/texlive/2024/texmf-dist/tex/latex/base/inputenc.sty
Package: inputenc 2024/02/08 v1.3d Input encoding file
\inpenc@prehook=\toks17
\inpenc@posthook=\toks18
)
(e:/4.LaTeX/texlive/2024/texmf-dist/tex/latex/cjk/texinput/CJK.sty
Package: CJK 2021/10/16 4.8.5

(e:/4.LaTeX/texlive/2024/texmf-dist/tex/latex/cjk/texinput/mule/MULEenc.sty
Package: MULEenc 2021/10/16 4.8.5
)
(e:/4.LaTeX/texlive/2024/texmf-dist/tex/latex/cjk/texinput/CJK.enc
File: CJK.enc 2021/10/16 4.8.5
Now handling font encoding C00 ...
... no UTF-8 mapping file for font encoding C00
Now handling font encoding C05 ...
... no UTF-8 mapping file for font encoding C05
Now handling font encoding C09 ...
... no UTF-8 mapping file for font encoding C09
Now handling font encoding C10 ...
... no UTF-8 mapping file for font encoding C10
Now handling font encoding C20 ...
... no UTF-8 mapping file for font encoding C20
Now handling font encoding C19 ...
... no UTF-8 mapping file for font encoding C19
Now handling font encoding C40 ...
... no UTF-8 mapping file for font encoding C40
Now handling font encoding C42 ...
... no UTF-8 mapping file for font encoding C42
Now handling font encoding C43 ...
... no UTF-8 mapping file for font encoding C43
Now handling font encoding C50 ...
... no UTF-8 mapping file for font encoding C50
Now handling font encoding C52 ...
... no UTF-8 mapping file for font encoding C52
Now handling font encoding C49 ...
... no UTF-8 mapping file for font encoding C49
Now handling font encoding C60 ...
... no UTF-8 mapping file for font encoding C60
Now handling font encoding C61 ...
... no UTF-8 mapping file for font encoding C61
Now handling font encoding C63 ...
... no UTF-8 mapping file for font encoding C63
Now handling font encoding C64 ...
... no UTF-8 mapping file for font encoding C64
Now handling font encoding C65 ...
... no UTF-8 mapping file for font encoding C65
Now handling font encoding C70 ...
... no UTF-8 mapping file for font encoding C70
Now handling font encoding C31 ...
... no UTF-8 mapping file for font encoding C31
Now handling font encoding C32 ...
... no UTF-8 mapping file for font encoding C32
Now handling font encoding C33 ...
... no UTF-8 mapping file for font encoding C33
Now handling font encoding C34 ...
... no UTF-8 mapping file for font encoding C34
Now handling font encoding C35 ...
... no UTF-8 mapping file for font encoding C35
Now handling font encoding C36 ...
... no UTF-8 mapping file for font encoding C36
Now handling font encoding C37 ...
... no UTF-8 mapping file for font encoding C37
Now handling font encoding C80 ...
... no UTF-8 mapping file for font encoding C80
Now handling font encoding C81 ...
... no UTF-8 mapping file for font encoding C81
Now handling font encoding C01 ...
... no UTF-8 mapping file for font encoding C01
Now handling font encoding C11 ...
... no UTF-8 mapping file for font encoding C11
Now handling font encoding C21 ...
... no UTF-8 mapping file for font encoding C21
Now handling font encoding C41 ...
... no UTF-8 mapping file for font encoding C41
Now handling font encoding C62 ...
... no UTF-8 mapping file for font encoding C62
)
\CJK@indent=\box54
)
(e:/4.LaTeX/texlive/2024/texmf-dist/tex/latex/base/fontenc.sty
Package: fontenc 2021/04/29 v2.0v Standard LaTeX package
))
(e:/4.LaTeX/texlive/2024/texmf-dist/tex/latex/cjkpunct/CJKpunct.sty
Package: CJKpunct 2016/05/14 4.8.4
\CJKpunct@cnta=\count274
\CJKpunct@cntb=\count275
\CJKpunct@cntc=\count276
\CJKpunct@cntd=\count277
\CJKpunct@cnte=\count278
   defining Unicode char U+2018 (decimal 8216)
   defining Unicode char U+2019 (decimal 8217)
   defining Unicode char U+201C (decimal 8220)
   defining Unicode char U+201D (decimal 8221)
   defining Unicode char U+2014 (decimal 8212)
   defining Unicode char U+2026 (decimal 8230)

(e:/4.LaTeX/texlive/2024/texmf-dist/tex/latex/cjkpunct/CJKpunct.spa))
(e:/4.LaTeX/texlive/2024/texmf-dist/tex/latex/cjk/texinput/CJKspace.sty
Package: CJKspace 2021/10/16 3.8.0
)
(e:/4.LaTeX/texlive/2024/texmf-dist/tex/latex/cjk/texinput/UTF8/UTF8.bdg
File: UTF8.bdg 2021/10/16 4.8.5
)
(e:/4.LaTeX/texlive/2024/texmf-dist/tex/latex/ctex/ctexspa.def
File: ctexspa.def 2022/07/14 v2.5.10 Space info for CJKpunct (CTEX)
)
\ccwd=\dimen143
\l__ctex_ccglue_skip=\skip51
)
\l__ctex_ziju_dim=\dimen144

(e:/4.LaTeX/texlive/2024/texmf-dist/tex/latex/zhnumber/zhnumber.sty
Package: zhnumber 2022/07/14 v3.0 Typesetting numbers with Chinese glyphs
\l__zhnum_scale_int=\count279
\l__zhnum_tmp_int=\count280

(e:/4.LaTeX/texlive/2024/texmf-dist/tex/latex/zhnumber/zhnumber-utf8.cfg
File: zhnumber-utf8.cfg 2022/07/14 v3.0 Chinese numerals with UTF8 encoding
))
\l__ctex_heading_skip=\skip52

(e:/4.LaTeX/texlive/2024/texmf-dist/tex/latex/ctex/scheme/ctex-scheme-chinese-a
rticle.def
File: ctex-scheme-chinese-article.def 2022/07/14 v2.5.10 Chinese scheme for art
icle (CTEX)

(e:/4.LaTeX/texlive/2024/texmf-dist/tex/latex/ctex/config/ctex-name-utf8.cfg
File: ctex-name-utf8.cfg 2022/07/14 v2.5.10 Caption with encoding UTF-8 (CTEX)
))
(e:/4.LaTeX/texlive/2024/texmf-dist/tex/latex/ctex/ctex-c5size.clo
File: ctex-c5size.clo 2022/07/14 v2.5.10 c5size option (CTEX)
)
(e:/4.LaTeX/texlive/2024/texmf-dist/tex/latex/ctex/fontset/ctex-fontset-windows
.def
File: ctex-fontset-windows.def 2022/07/14 v2.5.10 Windows fonts definition (CTE
X)
)) (e:/4.LaTeX/texlive/2024/texmf-dist/tex/latex/ctex/config/ctex.cfg
File: ctex.cfg 2022/07/14 v2.5.10 Configuration file (CTEX)
)
(e:/4.LaTeX/texlive/2024/texmf-dist/tex/latex/amsmath/amsmath.sty
Package: amsmath 2024/11/05 v2.17t AMS math features
\@mathmargin=\skip53

For additional information on amsmath, use the `?' option.
(e:/4.LaTeX/texlive/2024/texmf-dist/tex/latex/amsmath/amstext.sty
Package: amstext 2021/08/26 v2.01 AMS text

(e:/4.LaTeX/texlive/2024/texmf-dist/tex/latex/amsmath/amsgen.sty
File: amsgen.sty 1999/11/30 v2.0 generic functions
\@emptytoks=\toks19
\ex@=\dimen145
))
(e:/4.LaTeX/texlive/2024/texmf-dist/tex/latex/amsmath/amsbsy.sty
Package: amsbsy 1999/11/29 v1.2d Bold Symbols
\pmbraise@=\dimen146
)
(e:/4.LaTeX/texlive/2024/texmf-dist/tex/latex/amsmath/amsopn.sty
Package: amsopn 2022/04/08 v2.04 operator names
)
\inf@bad=\count281
LaTeX Info: Redefining \frac on input line 233.
\uproot@=\count282
\leftroot@=\count283
LaTeX Info: Redefining \overline on input line 398.
LaTeX Info: Redefining \colon on input line 409.
\classnum@=\count284
\DOTSCASE@=\count285
LaTeX Info: Redefining \ldots on input line 495.
LaTeX Info: Redefining \dots on input line 498.
LaTeX Info: Redefining \cdots on input line 619.
\Mathstrutbox@=\box55
\strutbox@=\box56
LaTeX Info: Redefining \big on input line 721.
LaTeX Info: Redefining \Big on input line 722.
LaTeX Info: Redefining \bigg on input line 723.
LaTeX Info: Redefining \Bigg on input line 724.
\big@size=\dimen147
LaTeX Font Info:    Redeclaring font encoding OML on input line 742.
LaTeX Font Info:    Redeclaring font encoding OMS on input line 743.
\macc@depth=\count286
LaTeX Info: Redefining \bmod on input line 904.
LaTeX Info: Redefining \pmod on input line 909.
LaTeX Info: Redefining \smash on input line 939.
LaTeX Info: Redefining \relbar on input line 969.
LaTeX Info: Redefining \Relbar on input line 970.
\c@MaxMatrixCols=\count287
\dotsspace@=\muskip17
\c@parentequation=\count288
\dspbrk@lvl=\count289
\tag@help=\toks20
\row@=\count290
\column@=\count291
\maxfields@=\count292
\andhelp@=\toks21
\eqnshift@=\dimen148
\alignsep@=\dimen149
\tagshift@=\dimen150
\tagwidth@=\dimen151
\totwidth@=\dimen152
\lineht@=\dimen153
\@envbody=\toks22
\multlinegap=\skip54
\multlinetaggap=\skip55
\mathdisplay@stack=\toks23
LaTeX Info: Redefining \[ on input line 2953.
LaTeX Info: Redefining \] on input line 2954.
)
(e:/4.LaTeX/texlive/2024/texmf-dist/tex/latex/amsfonts/amssymb.sty
Package: amssymb 2013/01/14 v3.01 AMS font symbols

(e:/4.LaTeX/texlive/2024/texmf-dist/tex/latex/amsfonts/amsfonts.sty
Package: amsfonts 2013/01/14 v3.01 Basic AMSFonts support
\symAMSa=\mathgroup4
\symAMSb=\mathgroup5
LaTeX Font Info:    Redeclaring math symbol \hbar on input line 98.
LaTeX Font Info:    Overwriting math alphabet `\mathfrak' in version `bold'
(Font)                  U/euf/m/n --> U/euf/b/n on input line 106.
))
(e:/4.LaTeX/texlive/2024/texmf-dist/tex/latex/enumitem/enumitem.sty
Package: enumitem 2025/02/06 v3.11 Customized lists
\enitkv@toks@=\toks24
\labelindent=\skip56
\enit@outerparindent=\dimen154
\enit@toks=\toks25
\enit@inbox=\box57
\enit@count@id=\count293
\enitdp@description=\count294
)
(e:/4.LaTeX/texlive/2024/texmf-dist/tex/latex/cjk/texinput/UTF8/UTF8.enc
File: UTF8.enc 2021/10/16 4.8.5
)
(e:/4.LaTeX/texlive/2024/texmf-dist/tex/latex/cjk/texinput/UTF8/UTF8.chr
File: UTF8.chr 2021/10/16 4.8.5
)
(./11111.aux)
\openout1 = `11111.aux'.

LaTeX Font Info:    Checking defaults for OML/cmm/m/it on input line 15.
LaTeX Font Info:    ... okay on input line 15.
LaTeX Font Info:    Checking defaults for OMS/cmsy/m/n on input line 15.
LaTeX Font Info:    ... okay on input line 15.
LaTeX Font Info:    Checking defaults for OT1/cmr/m/n on input line 15.
LaTeX Font Info:    ... okay on input line 15.
LaTeX Font Info:    Checking defaults for T1/cmr/m/n on input line 15.
LaTeX Font Info:    ... okay on input line 15.
LaTeX Font Info:    Checking defaults for TS1/cmr/m/n on input line 15.
LaTeX Font Info:    ... okay on input line 15.
LaTeX Font Info:    Checking defaults for OMX/cmex/m/n on input line 15.
LaTeX Font Info:    ... okay on input line 15.
LaTeX Font Info:    Checking defaults for U/cmr/m/n on input line 15.
LaTeX Font Info:    ... okay on input line 15.
LaTeX Font Info:    Checking defaults for C00/song/m/n on input line 15.
LaTeX Font Info:    ... okay on input line 15.
LaTeX Font Info:    Checking defaults for C05/song/m/n on input line 15.
LaTeX Font Info:    ... okay on input line 15.
LaTeX Font Info:    Checking defaults for C09/song/m/n on input line 15.
LaTeX Font Info:    ... okay on input line 15.
LaTeX Font Info:    Checking defaults for C10/song/m/n on input line 15.
LaTeX Font Info:    ... okay on input line 15.
LaTeX Font Info:    Checking defaults for C20/song/m/n on input line 15.
LaTeX Font Info:    ... okay on input line 15.
LaTeX Font Info:    Checking defaults for C19/song/m/n on input line 15.
LaTeX Font Info:    ... okay on input line 15.
LaTeX Font Info:    Checking defaults for C40/song/m/n on input line 15.
LaTeX Font Info:    ... okay on input line 15.
LaTeX Font Info:    Checking defaults for C42/song/m/n on input line 15.
LaTeX Font Info:    ... okay on input line 15.
LaTeX Font Info:    Checking defaults for C43/song/m/n on input line 15.
LaTeX Font Info:    ... okay on input line 15.
LaTeX Font Info:    Checking defaults for C50/song/m/n on input line 15.
LaTeX Font Info:    ... okay on input line 15.
LaTeX Font Info:    Checking defaults for C52/song/m/n on input line 15.
LaTeX Font Info:    ... okay on input line 15.
LaTeX Font Info:    Checking defaults for C49/song/m/n on input line 15.
LaTeX Font Info:    ... okay on input line 15.
LaTeX Font Info:    Checking defaults for C60/mj/m/n on input line 15.
LaTeX Font Info:    ... okay on input line 15.
LaTeX Font Info:    Checking defaults for C61/mj/m/n on input line 15.
LaTeX Font Info:    ... okay on input line 15.
LaTeX Font Info:    Checking defaults for C63/mj/m/n on input line 15.
LaTeX Font Info:    ... okay on input line 15.
LaTeX Font Info:    Checking defaults for C64/mj/m/n on input line 15.
LaTeX Font Info:    ... okay on input line 15.
LaTeX Font Info:    Checking defaults for C65/mj/m/n on input line 15.
LaTeX Font Info:    ... okay on input line 15.
LaTeX Font Info:    Checking defaults for C70/song/m/n on input line 15.
LaTeX Font Info:    ... okay on input line 15.
LaTeX Font Info:    Checking defaults for C31/song/m/n on input line 15.
LaTeX Font Info:    ... okay on input line 15.
LaTeX Font Info:    Checking defaults for C32/song/m/n on input line 15.
LaTeX Font Info:    ... okay on input line 15.
LaTeX Font Info:    Checking defaults for C33/song/m/n on input line 15.
LaTeX Font Info:    ... okay on input line 15.
LaTeX Font Info:    Checking defaults for C34/song/m/n on input line 15.
LaTeX Font Info:    ... okay on input line 15.
LaTeX Font Info:    Checking defaults for C35/song/m/n on input line 15.
LaTeX Font Info:    ... okay on input line 15.
LaTeX Font Info:    Checking defaults for C36/song/m/n on input line 15.
LaTeX Font Info:    ... okay on input line 15.
LaTeX Font Info:    Checking defaults for C37/song/m/n on input line 15.
LaTeX Font Info:    ... okay on input line 15.
LaTeX Font Info:    Checking defaults for C80/song/m/n on input line 15.
LaTeX Font Info:    ... okay on input line 15.
LaTeX Font Info:    Checking defaults for C81/song/m/n on input line 15.
LaTeX Font Info:    ... okay on input line 15.
LaTeX Font Info:    Checking defaults for C01/song/m/n on input line 15.
LaTeX Font Info:    ... okay on input line 15.
LaTeX Font Info:    Checking defaults for C11/song/m/n on input line 15.
LaTeX Font Info:    ... okay on input line 15.
LaTeX Font Info:    Checking defaults for C21/song/m/n on input line 15.
LaTeX Font Info:    ... okay on input line 15.
LaTeX Font Info:    Checking defaults for C41/song/m/n on input line 15.
LaTeX Font Info:    ... okay on input line 15.
LaTeX Font Info:    Checking defaults for C62/song/m/n on input line 15.
LaTeX Font Info:    ... okay on input line 15.
LaTeX Font Info:    Trying to load font information for C70+rm on input line 22
.
 (e:/4.LaTeX/texlive/2024/texmf-dist/tex/latex/ctex/fd/c70rm.fd
File: c70rm.fd 2022/07/14 v2.5.10 Chinese font definition (CTEX)
)
Package CJKpunct Info: use punctuation spaces for family 'rm' with punctstyle (
quanjiao) on input line 22.
LaTeX Font Info:    Trying to load font information for U+msa on input line 22.


(e:/4.LaTeX/texlive/2024/texmf-dist/tex/latex/amsfonts/umsa.fd
File: umsa.fd 2013/01/14 v3.01 AMS symbols A
)
LaTeX Font Info:    Trying to load font information for U+msb on input line 22.


(e:/4.LaTeX/texlive/2024/texmf-dist/tex/latex/amsfonts/umsb.fd
File: umsb.fd 2013/01/14 v3.01 AMS symbols B
)


(e:/4.LaTeX/texlive/2024/texmf-dist/tex/generic/ctex/zhmap/ctex-zhmap-windows.t
ex
File: ctex-zhmap-windows.tex 2022/07/14 v2.5.10 Windows font map loader for pdf
TeX and DVIPDFMx (CTEX)
{e:/4.LaTeX/texlive/2024/texmf-var/fonts/map/pdftex/updmap/pdftex.map}{UGBK.sfd
}{Unicode.sfd}) [1

]

[2]

[3]

[4]
Overfull \hbox (1.13354pt too wide) in paragraph at lines 168--170
\C70/rm/bx/n/10.53937/89 „ \C70/rm/bx/n/10.53937/67 ê|\C70/rm/bx/n/10.53937/ff 
^^Z| $\OML/cmm/m/it/10.53937 N\OT1/cmr/m/n/10.53937 (251463) + \OML/cmm/m/it/10
.53937 N\OT1/cmr/m/n/10.53937 (136254) = 6 + 5 = 11$ \C70/rm/m/n/10.53937/4e : 
\C70/rm/m/n/10.53937/59 G \C70/rm/m/n/10.53937/65 p|\C70/rm/m/n/10.53937/ff ^^L
| \C70/rm/m/n/10.53937/62 @ \C70/rm/m/n/10.53937/4e Â $\OML/cmm/m/it/10.53937 a
[]a[]a[]a[]a[]a[]$
 []



[5]

[6]

[7]

[8]

[9]

[10]
Overfull \hbox (2.20055pt too wide) in paragraph at lines 401--403
\C70/rm/bx/n/10.53937/89 „ \C70/rm/bx/n/10.53937/67 ê|\C70/rm/bx/n/10.53937/ff 
^^Z| \C70/rm/m/n/10.53937/54 + \C70/rm/m/n/10.53937/67 	 $\OML/cmm/m/it/10.5393
7 a[]a[]$ \C70/rm/m/n/10.53937/76 Ñ \C70/rm/m/n/10.53937/98 y \C70/rm/m/n/10.53
937/4e : $\OT1/cmr/m/n/10.53937 (\OMS/cmsy/m/n/10.53937 ^^@\OT1/cmr/m/n/10.5393
7 1)[]\OML/cmm/m/it/10.53937 a[]a[]a[]a[]$ \C70/rm/m/n/10.53937/54 å $\OT1/cmr/
m/n/10.53937 (\OMS/cmsy/m/n/10.53937 ^^@\OT1/cmr/m/n/10.53937 1)[]\OML/cmm/m/it
/10.53937 a[]a[]a[]a[]$\OT1/cmr/m/n/10.53937 . 
 []



[11]

[12]

[13]

[14]
Overfull \hbox (12.00067pt too wide) in paragraph at lines 499--501
\C70/rm/bx/n/10.53937/89 „ \C70/rm/bx/n/10.53937/67 ê|\C70/rm/bx/n/10.53937/ff 
^^Z| \C70/rm/m/n/10.53937/90 ^^Z \C70/rm/m/n/10.53937/8f « \C70/rm/m/n/10.53937
/52 ^^] \C70/rm/m/n/10.53937/7b I \C70/rm/m/n/10.53937/88 L \C70/rm/m/n/10.5393
7/53 ÿ \C70/rm/m/n/10.53937/63 b \C70/rm/m/n/10.53937/5c ^^F \C70/rm/m/n/10.539
37/88 L \C70/rm/m/n/10.53937/52 ^^W \C70/rm/m/n/10.53937/5f ^^O \C70/rm/m/n/10.
53937/53 ^^V \C70/rm/m/n/10.53937/4e : 
 	 \C70/rm/m/n/10.53937/89 “ \C70/rm/m/n/10.53937/5f b ^^O|\C70/rm/m/n/10.53937
/ff ^^Z| $[] \OT1/cmr/m/n/10.53937 = [] =
 []



[15]

[16]

[17]

[18]
Overfull \hbox (13.06384pt too wide) in paragraph at lines 605--607
\C70/rm/bx/n/10.53937/89 „ \C70/rm/bx/n/10.53937/67 ê|\C70/rm/bx/n/10.53937/ff 
^^Z| $[] \OT1/cmr/m/n/10.53937 = \OMS/cmsy/m/n/10.53937 ^^@\OT1/cmr/m/n/10.5393
7 4 [] = \OMS/cmsy/m/n/10.53937 ^^@\OT1/cmr/m/n/10.53937 12 [] =
 []


Overfull \hbox (1.93898pt too wide) in paragraph at lines 621--623
\C70/rm/bx/n/10.53937/89 „ \C70/rm/bx/n/10.53937/67 ê|\C70/rm/bx/n/10.53937/ff 
^^Z| $[] \OT1/cmr/m/n/10.53937 = \OMS/cmsy/m/n/10.53937 ^^@\OT1/cmr/m/n/10.5393
7 2 [] =$ $\OMS/cmsy/m/n/10.53937 ^^@\OT1/cmr/m/n/10.53937 6 [] =
 []



[19]

[20]

[21]

[22]

[23]

[24]

[25]

[26]

[27]

[28]

[29]

[30]
Overfull \hbox (34.68367pt too wide) in paragraph at lines 1093--1095
\OT1/cmr/m/n/10.53937 A. $[] \OML/cmm/m/it/10.53937 ; \OT1/cmr/m/n/10.53937 2\O
ML/cmm/m/it/10.53937 a \OMS/cmsy/m/n/10.53937 ^^@ \OML/cmm/m/it/10.53937 b \OT1
/cmr/m/n/10.53937 + \OML/cmm/m/it/10.53937 d$  \OT1/cmr/m/n/10.53937 B. $[] \OM
L/cmm/m/it/10.53937 ; \OT1/cmr/m/n/10.53937 2\OML/cmm/m/it/10.53937 a \OT1/cmr/
m/n/10.53937 + \OML/cmm/m/it/10.53937 b \OT1/cmr/m/n/10.53937 + \OML/cmm/m/it/1
0.53937 d$  \OT1/cmr/m/n/10.53937 C. $[] \OML/cmm/m/it/10.53937 ; \OT1/cmr/m/n/
10.53937 2\OML/cmm/m/it/10.53937 a \OMS/cmsy/m/n/10.53937 ^^@
 []



[31]

[32]

[33]

[34]

[35]
Overfull \hbox (8.49171pt too wide) in paragraph at lines 1244--1246
\C70/rm/bx/n/10.53937/98 ò \C70/rm/bx/n/10.53937/76 Ó|\C70/rm/bx/n/10.53937/ff 
^^Z| \OT1/cmr/m/n/10.53937 5.\C70/rm/m/n/10.53937/56 € \C70/rm/m/n/10.53937/96 
6 \C70/rm/m/n/10.53937/88 L \C70/rm/m/n/10.53937/52 ^^W \C70/rm/m/n/10.53937/5f
 ^^O $\OML/cmm/m/it/10.53937 D$ \C70/rm/m/n/10.53937/4e - \C70/rm/m/n/10.53937/
7b , \C70/rm/m/n/10.53937/4e 	 \C70/rm/m/n/10.53937/52 ^^W \C70/rm/m/n/10.53937
/51 C \C70/rm/m/n/10.53937/7d   \C70/rm/m/n/10.53937/4e : $\OT1/cmr/m/n/10.5393
7 1\OML/cmm/m/it/10.53937 ; \OT1/cmr/m/n/10.53937 2\OML/cmm/m/it/10.53937 ; \OT
1/cmr/m/n/10.53937 3\OML/cmm/m/it/10.53937 ; \OT1/cmr/m/n/10.53937 4$|\C70/rm/m
/n/10.53937/ff ^^L| \C70/rm/m/n/10.53937/5b ˘ \C70/rm/m/n/10.53937/5e î \C70/rm
/m/n/10.53937/76 Ñ \C70/rm/m/n/10.53937/4f Y \C70/rm/m/n/10.53937/5b P \C70/rm/
m/n/10.53937/5f ^^O \C70/rm/m/n/10.53937/4e : $\OT1/cmr/m/n/10.53937 1\OML/cmm/
m/it/10.53937 ; \OMS/cmsy/m/n/10.53937 ^^@\OT1/cmr/m/n/10.53937 1\OML/cmm/m/it/
10.53937 ; \OT1/cmr/m/n/10.53937 2\OML/cmm/m/it/10.53937 ; \OT1/cmr/m/n/10.5393
7 1$|\C70/rm/m/n/10.53937/ff ^^L|
 []



[36]

[37]
Overfull \hbox (11.70204pt too wide) in paragraph at lines 1283--1285
\C70/rm/bx/n/10.53937/89 „ \C70/rm/bx/n/10.53937/67 ê|\C70/rm/bx/n/10.53937/ff 
^^Z| $\OML/cmm/m/it/10.53937 A[] \OT1/cmr/m/n/10.53937 = (\OMS/cmsy/m/n/10.5393
7 ^^@\OT1/cmr/m/n/10.53937 1)[] [] = 1 \OMS/cmsy/m/n/10.53937 ^^A \OT1/cmr/m/n/
10.53937 (0 \OMS/cmsy/m/n/10.53937 ^^A \OT1/cmr/m/n/10.53937 3 \OMS/cmsy/m/n/10
.53937 ^^@ \OT1/cmr/m/n/10.53937 (\OMS/cmsy/m/n/10.53937 ^^@\OT1/cmr/m/n/10.539
37 1) \OMS/cmsy/m/n/10.53937 ^^A \OT1/cmr/m/n/10.53937 0) = 0\OML/cmm/m/it/10.5
3937 ;$ $A[] \OT1/cmr/m/n/10.53937 = (\OMS/cmsy/m/n/10.53937 ^^@\OT1/cmr/m/n/10
.53937 1)[] [] =
 []


Overfull \hbox (0.11327pt too wide) in paragraph at lines 1300--1302
\C70/rm/bx/n/10.53937/89 „ \C70/rm/bx/n/10.53937/67 ê|\C70/rm/bx/n/10.53937/ff 
^^Z| \C70/rm/m/n/10.53937/5c ^^F \C70/rm/m/n/10.53937/88 L \C70/rm/m/n/10.53937
/52 ^^W \C70/rm/m/n/10.53937/5f ^^O \C70/rm/m/n/10.53937/63 	 \C70/rm/m/n/10.53
937/71 g \C70/rm/m/n/10.53937/7b , \OT1/cmr/m/n/10.53937 i \C70/rm/m/n/10.53937
/88 L \C70/rm/m/n/10.53937/5c U \C70/rm/m/n/10.53937/5f ^^@|\C70/rm/m/n/10.5393
7/ff ^^Z| $\OMS/cmsy/m/n/10.53937 j\OML/cmm/m/it/10.53937 D\OMS/cmsy/m/n/10.539
37 j \OT1/cmr/m/n/10.53937 = \OML/cmm/m/it/10.53937 a[]A[] \OT1/cmr/m/n/10.5393
7 + \OML/cmm/m/it/10.53937 a[]A[]\OT1/cmr/m/n/10.53937 +$ $\OML/cmm/m/it/10.539
37 a[]A[] \OT1/cmr/m/n/10.53937 + \OML/cmm/m/it/10.53937 a[]A[]; \OT1/cmr/m/n/1
0.53937 (\OML/cmm/m/it/10.53937 i \OT1/cmr/m/n/10.53937 =
 []



[38{e:/4.LaTeX/texlive/2024/texmf-dist/fonts/enc/dvips/cm-super/cm-super-ts1.en
c}]
Overfull \hbox (47.3244pt too wide) in paragraph at lines 1308--1310
\C70/rm/bx/n/10.53937/89 „ \C70/rm/bx/n/10.53937/67 ê|\C70/rm/bx/n/10.53937/ff 
^^Z| $\OT1/cmr/m/n/10.53937 3\OML/cmm/m/it/10.53937 M[] \OT1/cmr/m/n/10.53937 +
 5\OML/cmm/m/it/10.53937 M[] \OT1/cmr/m/n/10.53937 + \OML/cmm/m/it/10.53937 M[]
 \OT1/cmr/m/n/10.53937 + 2\OML/cmm/m/it/10.53937 M[] \OT1/cmr/m/n/10.53937 = \O
MS/cmsy/m/n/10.53937 ^^@\OT1/cmr/m/n/10.53937 3\OML/cmm/m/it/10.53937 A[] \OT1/
cmr/m/n/10.53937 + 5\OML/cmm/m/it/10.53937 A[] \OMS/cmsy/m/n/10.53937 ^^@ \OML/
cmm/m/it/10.53937 A[]\OT1/cmr/m/n/10.53937 +$ $2\OML/cmm/m/it/10.53937 A[] \OT1
/cmr/m/n/10.53937 = [] =
 []



[39]

[40]

[41]
Overfull \hbox (41.19237pt too wide) in paragraph at lines 1419--1421
\C70/rm/bx/n/10.53937/89 „ \C70/rm/bx/n/10.53937/67 ê|\C70/rm/bx/n/10.53937/ff 
^^Z| \C70/rm/m/n/10.53937/4f Y \C70/rm/m/n/10.53937/5b P \C70/rm/m/n/10.53937/5
f ^^O $\OML/cmm/m/it/10.53937 M[] \OT1/cmr/m/n/10.53937 = [] = \OMS/cmsy/m/n/10
.53937 ^^@\OT1/cmr/m/n/10.53937 19$ |\C70/rm/m/n/10.53937/ff ^^L| \C70/rm/m/n/1
0.53937/4e „ \C70/rm/m/n/10.53937/65 p \C70/rm/m/n/10.53937/4f Y \C70/rm/m/n/10
.53937/5b P \C70/rm/m/n/10.53937/5f ^^O $\OML/cmm/m/it/10.53937 A[] \OT1/cmr/m/
n/10.53937 =$ $(\OMS/cmsy/m/n/10.53937 ^^@\OT1/cmr/m/n/10.53937 1)[] [] =
 []



[42]

[43]

[44] (./11111.aux)
 ***********
LaTeX2e <2024-11-01> patch level 2
L3 programming layer <2022/07/14>
 ***********
 ) 
Here is how much of TeX's memory you used:
 6701 strings out of 473200
 129006 string characters out of 5716111
 526705 words of memory out of 5000000
 29746 multiletter control sequences out of 15000+600000
 582443 words of font info for 121 fonts, out of 8000000 for 9000
 1141 hyphenation exceptions out of 8191
 80i,13n,83p,710b,348s stack positions out of 10000i,1000n,20000p,200000b,200000s
<c:/Windows/Fonts/simsun.ttc><c:/Windows/Fonts/simsun.ttc><c:/Windows/Fonts/s
imsun.ttc><c:/Windows/Fonts/simsun.ttc><c:/Windows/Fonts/simsun.ttc><c:/Windows
/Fonts/simsun.ttc><c:/Windows/Fonts/simsun.ttc><c:/Windows/Fonts/simsun.ttc><c:
/Windows/Fonts/simsun.ttc><c:/Windows/Fonts/simsun.ttc><c:/Windows/Fonts/simsun
.ttc><c:/Windows/Fonts/simsun.ttc><c:/Windows/Fonts/simsun.ttc><c:/Windows/Font
s/simsun.ttc><c:/Windows/Fonts/simsun.ttc><c:/Windows/Fonts/simsun.ttc><c:/Wind
ows/Fonts/simsun.ttc><c:/Windows/Fonts/simsun.ttc><c:/Windows/Fonts/simsun.ttc>
<c:/Windows/Fonts/simsun.ttc><c:/Windows/Fonts/simsun.ttc><c:/Windows/Fonts/sim
sun.ttc><c:/Windows/Fonts/simsun.ttc><c:/Windows/Fonts/simsun.ttc><c:/Windows/F
onts/simsun.ttc><c:/Windows/Fonts/simsun.ttc><c:/Windows/Fonts/simsun.ttc><c:/W
indows/Fonts/simsun.ttc><c:/Windows/Fonts/simsun.ttc><c:/Windows/Fonts/simsun.t
tc><c:/Windows/Fonts/simsun.ttc><c:/Windows/Fonts/simsun.ttc><c:/Windows/Fonts/
simsun.ttc><c:/Windows/Fonts/simsun.ttc><c:/Windows/Fonts/simsun.ttc><c:/Window
s/Fonts/simsun.ttc><c:/Windows/Fonts/simsun.ttc><c:/Windows/Fonts/simsun.ttc><c
:/Windows/Fonts/simsun.ttc><c:/Windows/Fonts/simsun.ttc><c:/Windows/Fonts/simsu
n.ttc><c:/Windows/Fonts/simsun.ttc><c:/Windows/Fonts/simhei.ttf><c:/Windows/Fon
ts/simhei.ttf><c:/Windows/Fonts/simsun.ttc><c:/Windows/Fonts/simsun.ttc><c:/Win
dows/Fonts/simsun.ttc><c:/Windows/Fonts/simsun.ttc><c:/Windows/Fonts/simsun.ttc
><c:/Windows/Fonts/simhei.ttf><c:/Windows/Fonts/simsun.ttc><c:/Windows/Fonts/si
msun.ttc><c:/Windows/Fonts/simhei.ttf><c:/Windows/Fonts/simhei.ttf><c:/Windows/
Fonts/simsun.ttc><c:/Windows/Fonts/simsun.ttc><c:/Windows/Fonts/simsun.ttc><c:/
Windows/Fonts/simhei.ttf><c:/Windows/Fonts/simsun.ttc><c:/Windows/Fonts/simsun.
ttc><c:/Windows/Fonts/simsun.ttc><c:/Windows/Fonts/simhei.ttf><c:/Windows/Fonts
/simhei.ttf><c:/Windows/Fonts/simhei.ttf><e:/4.LaTeX/texlive/2024/texmf-dist/fo
nts/type1/public/amsfonts/cm/cmex10.pfb><e:/4.LaTeX/texlive/2024/texmf-dist/fon
ts/type1/public/amsfonts/cm/cmmi10.pfb><e:/4.LaTeX/texlive/2024/texmf-dist/font
s/type1/public/amsfonts/cm/cmmi5.pfb><e:/4.LaTeX/texlive/2024/texmf-dist/fonts/
type1/public/amsfonts/cm/cmmi7.pfb><e:/4.LaTeX/texlive/2024/texmf-dist/fonts/ty
pe1/public/amsfonts/cm/cmr10.pfb><e:/4.LaTeX/texlive/2024/texmf-dist/fonts/type
1/public/amsfonts/cm/cmr5.pfb><e:/4.LaTeX/texlive/2024/texmf-dist/fonts/type1/p
ublic/amsfonts/cm/cmr7.pfb><e:/4.LaTeX/texlive/2024/texmf-dist/fonts/type1/publ
ic/amsfonts/cm/cmsy10.pfb><e:/4.LaTeX/texlive/2024/texmf-dist/fonts/type1/publi
c/amsfonts/cm/cmsy5.pfb><e:/4.LaTeX/texlive/2024/texmf-dist/fonts/type1/public/
amsfonts/cm/cmsy7.pfb><e:/4.LaTeX/texlive/2024/texmf-dist/fonts/type1/public/am
sfonts/symbols/msam7.pfb><e:/4.LaTeX/texlive/2024/texmf-dist/fonts/type1/public
/cm-super/sfrm1000.pfb>
Output written on 11111.pdf (44 pages, 450215 bytes).
PDF statistics:
 522 PDF objects out of 1000 (max. 8388607)
 329 compressed objects within 4 object streams
 0 named destinations out of 1000 (max. 500000)
 221 words of extra memory for PDF output out of 10000 (max. 10000000)

